2026-03-07 23:39:50,856 - LinkedInWatcher - INFO - LinkedInWatcher initialized
2026-03-07 23:39:50,857 - LinkedInWatcher - INFO - Vault path: C:\Users\hr773\Documents\GitHub\personal-AI-FTE\AI_Employee_Vault
2026-03-07 23:39:50,858 - LinkedInWatcher - INFO - Check interval: 30s
2026-03-07 23:39:50,859 - LinkedInWatcher - INFO - Session path: C:\Users\hr773\Documents\GitHub\personal-AI-FTE\AI_Employee_Vault\Scripts\linkedin_session
2026-03-07 23:39:50,860 - LinkedInWatcher - INFO - Watching: C:\Users\hr773\Documents\GitHub\personal-AI-FTE\AI_Employee_Vault\Approved
2026-03-07 23:39:50,860 - LinkedInWatcher - INFO - Check interval: 30s
2026-03-07 23:39:50,860 - LinkedInWatcher - INFO - LinkedIn Watcher ready - will auto-post approved content
2026-03-07 23:39:50,860 - LinkedInWatcher - INFO - Starting LinkedIn Watcher
2026-03-07 23:39:50,861 - LinkedInWatcher - INFO - Watching for approved posts every 30 seconds
2026-03-07 23:39:50,886 - LinkedInWatcher - INFO - Found approved post: LINKEDIN_PROMPT_ENG_DAY2_20260303.md
2026-03-07 23:39:50,903 - LinkedInWatcher - INFO - Found 1 post(s) to process
2026-03-07 23:39:50,904 - LinkedInWatcher - INFO - Posting content from: LINKEDIN_PROMPT_ENG_DAY2_20260303.md
2026-03-07 23:39:50,905 - LinkedInWatcher - INFO - Content length: 4060 characters
2026-03-07 23:39:50,905 - LinkedInWatcher - INFO - Launching browser...
2026-03-07 23:40:09,309 - LinkedInWatcher - INFO - Browser launched
2026-03-07 23:40:09,312 - LinkedInWatcher - INFO - Navigating to LinkedIn...
2026-03-07 23:40:19,965 - LinkedInWatcher - INFO - Current URL: https://www.linkedin.com/feed
2026-03-07 23:40:19,966 - LinkedInWatcher - INFO - Waiting for LinkedIn feed to load (up to 60 seconds)...
2026-03-07 23:40:50,008 - LinkedInWatcher - ERROR - LinkedIn feed not loaded - login may be required
2026-03-07 23:40:50,008 - LinkedInWatcher - ERROR - Current URL: https://www.linkedin.com/feed/
2026-03-07 23:40:50,009 - LinkedInWatcher - INFO - Feed not found yet, waiting additional 30 seconds...
2026-03-07 23:41:20,149 - LinkedInWatcher - INFO - LinkedIn feed loaded!
2026-03-07 23:41:23,155 - LinkedInWatcher - INFO - Checking for popups/carousels...
2026-03-07 23:41:35,193 - LinkedInWatcher - INFO - Looking for "Start a post" button...
2026-03-07 23:41:35,344 - LinkedInWatcher - INFO - Found "Start a post" via locator
2026-03-07 23:41:35,344 - LinkedInWatcher - INFO - Clicking "Start a post" button...
2026-03-07 23:41:35,804 - LinkedInWatcher - INFO - Click sent, waiting for dialog...
2026-03-07 23:41:40,925 - LinkedInWatcher - INFO - Dialog not detected, trying alternative click...
2026-03-07 23:41:45,956 - LinkedInWatcher - INFO - Looking for text area in dialog...
2026-03-07 23:41:46,028 - LinkedInWatcher - INFO - Found text area with: div[contenteditable="true"]
2026-03-07 23:41:46,037 - LinkedInWatcher - INFO - Focusing post text area...
2026-03-07 23:41:48,230 - LinkedInWatcher - WARNING - Content truncated to 3000 characters
2026-03-07 23:41:48,230 - LinkedInWatcher - INFO - Typing post content...
2026-03-07 23:41:50,960 - LinkedInWatcher - INFO - Content entered via fill
2026-03-07 23:41:53,968 - LinkedInWatcher - INFO - Looking for Post button...
2026-03-07 23:41:54,034 - LinkedInWatcher - INFO - Found Post button with: button:has-text("Post")
2026-03-07 23:41:54,034 - LinkedInWatcher - INFO - Clicking Post button...
2026-03-07 23:42:04,045 - LinkedInWatcher - INFO - Normal click failed: ElementHandle.click: Timeout 10000ms exceeded.
Call log:
  - attempting click action
    2 × waiting for element to be visible, enabled and stable
      - element is not visible
    - retrying click action
    - waiting 20ms
    2 × waiting for element to be visible, enabled and stable
      - element is not visible
    - retrying click action
      - waiting 100ms
    16 × waiting for element to be visible, enabled and stable
       - element is not visible
     - retrying click action
       - waiting 500ms
    - waiting for element to be visible, enabled and stable

2026-03-07 23:42:04,052 - LinkedInWatcher - INFO - Trying force click...
2026-03-07 23:42:04,077 - LinkedInWatcher - INFO - Force click failed: ElementHandle.click: Element is not visible
Call log:
  - attempting click action
    - scrolling into view if needed

2026-03-07 23:42:04,077 - LinkedInWatcher - INFO - Using JavaScript click...
2026-03-07 23:42:04,088 - LinkedInWatcher - INFO - Post button clicked, waiting for confirmation...
2026-03-07 23:42:13,308 - LinkedInWatcher - INFO - Screenshot saved: C:\Users\hr773\Documents\GitHub\personal-AI-FTE\AI_Employee_Vault\Logs\linkedin_20260307_234212.png
2026-03-07 23:42:13,332 - LinkedInWatcher - WARNING - Dialog still open - post may not have been submitted!
2026-03-07 23:42:13,333 - LinkedInWatcher - WARNING - LinkedIn may require manual confirmation for the final post.
2026-03-07 23:42:15,541 - LinkedInWatcher - ERROR - Failed to post: LINKEDIN_PROMPT_ENG_DAY2_20260303.md
2026-03-07 23:42:15,541 - LinkedInWatcher - ERROR - [FAIL] Failed: LINKEDIN_PROMPT_ENG_DAY2_20260303.md
2026-03-07 23:42:45,547 - LinkedInWatcher - INFO - Found approved post: LINKEDIN_PROMPT_ENG_DAY2_20260303.md
2026-03-07 23:42:45,549 - LinkedInWatcher - INFO - Found 1 post(s) to process
2026-03-07 23:42:45,551 - LinkedInWatcher - INFO - Posting content from: LINKEDIN_PROMPT_ENG_DAY2_20260303.md
2026-03-07 23:42:45,553 - LinkedInWatcher - INFO - Content length: 4060 characters
2026-03-07 23:42:45,554 - LinkedInWatcher - INFO - Launching browser...
2026-03-07 23:42:49,419 - LinkedInWatcher - INFO - Browser launched
2026-03-07 23:42:49,429 - LinkedInWatcher - INFO - Navigating to LinkedIn...
2026-03-07 23:42:53,106 - LinkedInWatcher - INFO - Current URL: https://www.linkedin.com/feed
2026-03-07 23:42:53,106 - LinkedInWatcher - INFO - Waiting for LinkedIn feed to load (up to 60 seconds)...
2026-03-07 23:42:54,080 - LinkedInWatcher - INFO - Page loaded, waiting for feed element...
2026-03-07 23:43:24,172 - LinkedInWatcher - ERROR - LinkedIn feed not loaded - login may be required
2026-03-07 23:43:24,173 - LinkedInWatcher - ERROR - Current URL: https://www.linkedin.com/feed/
2026-03-07 23:43:24,176 - LinkedInWatcher - INFO - Feed not found yet, waiting additional 30 seconds...
2026-03-07 23:43:54,254 - LinkedInWatcher - INFO - LinkedIn feed loaded!
2026-03-07 23:43:57,269 - LinkedInWatcher - INFO - Checking for popups/carousels...
2026-03-07 23:44:09,326 - LinkedInWatcher - INFO - Looking for "Start a post" button...
2026-03-07 23:44:09,393 - LinkedInWatcher - INFO - Found "Start a post" via locator
2026-03-07 23:44:09,393 - LinkedInWatcher - INFO - Clicking "Start a post" button...
2026-03-07 23:44:09,858 - LinkedInWatcher - INFO - Click sent, waiting for dialog...
2026-03-07 23:44:14,935 - LinkedInWatcher - INFO - Dialog not detected, trying alternative click...
2026-03-07 23:44:19,961 - LinkedInWatcher - INFO - Looking for text area in dialog...
2026-03-07 23:44:19,989 - LinkedInWatcher - INFO - Found text area with: div[contenteditable="true"]
2026-03-07 23:44:19,989 - LinkedInWatcher - INFO - Focusing post text area...
2026-03-07 23:44:22,094 - LinkedInWatcher - WARNING - Content truncated to 3000 characters
2026-03-07 23:44:22,095 - LinkedInWatcher - INFO - Typing post content...
2026-03-07 23:44:23,636 - LinkedInWatcher - INFO - Content entered via fill
2026-03-07 23:44:26,646 - LinkedInWatcher - INFO - Looking for Post button...
2026-03-07 23:44:26,666 - LinkedInWatcher - INFO - Found Post button with: button:has-text("Post")
2026-03-07 23:44:26,667 - LinkedInWatcher - INFO - Clicking Post button...
2026-03-07 23:44:36,682 - LinkedInWatcher - INFO - Normal click failed: ElementHandle.click: Timeout 10000ms exceeded.
Call log:
  - attempting click action
    2 × waiting for element to be visible, enabled and stable
      - element is not visible
    - retrying click action
    - waiting 20ms
    2 × waiting for element to be visible, enabled and stable
      - element is not visible
    - retrying click action
      - waiting 100ms
    18 × waiting for element to be visible, enabled and stable
       - element is not visible
     - retrying click action
       - waiting 500ms

2026-03-07 23:44:36,688 - LinkedInWatcher - INFO - Trying force click...
2026-03-07 23:44:36,702 - LinkedInWatcher - INFO - Force click failed: ElementHandle.click: Element is not visible
Call log:
  - attempting click action
    - scrolling into view if needed

2026-03-07 23:44:36,702 - LinkedInWatcher - INFO - Using JavaScript click...
2026-03-07 23:44:36,709 - LinkedInWatcher - INFO - Post button clicked, waiting for confirmation...
2026-03-07 23:44:44,963 - LinkedInWatcher - INFO - Screenshot saved: C:\Users\hr773\Documents\GitHub\personal-AI-FTE\AI_Employee_Vault\Logs\linkedin_20260307_234444.png
2026-03-07 23:44:44,978 - LinkedInWatcher - WARNING - Dialog still open - post may not have been submitted!
2026-03-07 23:44:44,978 - LinkedInWatcher - WARNING - LinkedIn may require manual confirmation for the final post.
2026-03-07 23:44:46,308 - LinkedInWatcher - ERROR - Failed to post: LINKEDIN_PROMPT_ENG_DAY2_20260303.md
2026-03-07 23:44:46,310 - LinkedInWatcher - ERROR - [FAIL] Failed: LINKEDIN_PROMPT_ENG_DAY2_20260303.md
2026-03-07 23:45:05,048 - LinkedInWatcher - INFO - LinkedIn Watcher stopped by user
2026-03-07 23:45:05,049 - LinkedInWatcher - INFO - LinkedIn Watcher shutting down
2026-03-07 23:50:41,683 - LinkedInWatcher - INFO - LinkedInWatcher initialized
2026-03-07 23:50:41,684 - LinkedInWatcher - INFO - Vault path: C:\Users\hr773\Documents\GitHub\personal-AI-FTE\AI_Employee_Vault
2026-03-07 23:50:41,685 - LinkedInWatcher - INFO - Check interval: 30s
2026-03-07 23:50:41,686 - LinkedInWatcher - INFO - Session path: C:\Users\hr773\Documents\GitHub\personal-AI-FTE\AI_Employee_Vault\Scripts\linkedin_session
2026-03-07 23:50:41,686 - LinkedInWatcher - INFO - Watching: C:\Users\hr773\Documents\GitHub\personal-AI-FTE\AI_Employee_Vault\Approved
2026-03-07 23:50:41,686 - LinkedInWatcher - INFO - Check interval: 30s
2026-03-07 23:50:41,687 - LinkedInWatcher - INFO - LinkedIn Watcher ready - will auto-post approved content
2026-03-07 23:50:41,687 - LinkedInWatcher - INFO - Starting LinkedIn Watcher
2026-03-07 23:50:41,687 - LinkedInWatcher - INFO - Watching for approved posts every 30 seconds
2026-03-07 23:50:41,689 - LinkedInWatcher - INFO - Found approved post: LINKEDIN_PROMPT_ENG_DAY2_20260303.md
2026-03-07 23:50:41,689 - LinkedInWatcher - INFO - Found 1 post(s) to process
2026-03-07 23:50:41,690 - LinkedInWatcher - INFO - Posting content from: LINKEDIN_PROMPT_ENG_DAY2_20260303.md
2026-03-07 23:50:41,691 - LinkedInWatcher - INFO - Content length: 4060 characters
2026-03-07 23:50:41,691 - LinkedInWatcher - INFO - Launching browser...
2026-03-07 23:50:45,364 - LinkedInWatcher - INFO - Browser launched
2026-03-07 23:50:45,382 - LinkedInWatcher - INFO - Navigating to LinkedIn...
2026-03-07 23:50:49,238 - LinkedInWatcher - INFO - Current URL: https://www.linkedin.com/feed
2026-03-07 23:50:49,239 - LinkedInWatcher - INFO - Waiting for LinkedIn feed to load (up to 60 seconds)...
2026-03-07 23:51:19,270 - LinkedInWatcher - ERROR - LinkedIn feed not loaded - login may be required
2026-03-07 23:51:19,270 - LinkedInWatcher - ERROR - Current URL: https://www.linkedin.com/feed/
2026-03-07 23:51:19,272 - LinkedInWatcher - INFO - Feed not found yet, waiting additional 30 seconds...
2026-03-07 23:51:49,374 - LinkedInWatcher - INFO - LinkedIn feed loaded!
2026-03-07 23:51:52,387 - LinkedInWatcher - INFO - Checking for popups/carousels...
2026-03-07 23:52:04,444 - LinkedInWatcher - INFO - Looking for "Start a post" button...
2026-03-07 23:52:04,507 - LinkedInWatcher - INFO - Found "Start a post" via locator
2026-03-07 23:52:04,507 - LinkedInWatcher - INFO - Clicking "Start a post" button...
2026-03-07 23:52:04,874 - LinkedInWatcher - INFO - Click sent, waiting for dialog...
2026-03-07 23:52:09,928 - LinkedInWatcher - INFO - Dialog not detected, trying alternative click...
2026-03-07 23:52:14,944 - LinkedInWatcher - INFO - Looking for text area in dialog...
2026-03-07 23:52:14,971 - LinkedInWatcher - INFO - Found text area with: div[contenteditable="true"]
2026-03-07 23:52:14,972 - LinkedInWatcher - INFO - Focusing post text area...
2026-03-07 23:52:17,071 - LinkedInWatcher - WARNING - Content truncated to 3000 characters
2026-03-07 23:52:17,072 - LinkedInWatcher - INFO - Typing post content...
2026-03-07 23:52:18,428 - LinkedInWatcher - INFO - Content entered via fill
2026-03-07 23:52:21,441 - LinkedInWatcher - INFO - Looking for Post button...
2026-03-07 23:52:21,459 - LinkedInWatcher - INFO - Found Post button with: button:has-text("Post")
2026-03-07 23:52:21,459 - LinkedInWatcher - INFO - Clicking Post button...
2026-03-07 23:52:31,477 - LinkedInWatcher - INFO - Normal click failed: ElementHandle.click: Timeout 10000ms exceeded.
Call log:
  - attempting click action
    2 × waiting for element to be visible, enabled and stable
      - element is not visible
    - retrying click action
    - waiting 20ms
    2 × waiting for element to be visible, enabled and stable
      - element is not visible
    - retrying click action
      - waiting 100ms
    17 × waiting for element to be visible, enabled and stable
       - element is not visible
     - retrying click action
       - waiting 500ms

2026-03-07 23:52:31,481 - LinkedInWatcher - INFO - Trying force click...
2026-03-07 23:52:31,491 - LinkedInWatcher - INFO - Force click failed: ElementHandle.click: Element is not visible
Call log:
  - attempting click action
    - scrolling into view if needed

2026-03-07 23:52:31,492 - LinkedInWatcher - INFO - Using JavaScript click...
2026-03-07 23:52:31,499 - LinkedInWatcher - INFO - Post button clicked, waiting for confirmation...
2026-03-07 23:52:39,775 - LinkedInWatcher - INFO - Screenshot saved: C:\Users\hr773\Documents\GitHub\personal-AI-FTE\AI_Employee_Vault\Logs\linkedin_20260307_235239.png
2026-03-07 23:52:39,789 - LinkedInWatcher - WARNING - Dialog still open - post may not have been submitted!
2026-03-07 23:52:39,789 - LinkedInWatcher - WARNING - LinkedIn may require manual confirmation for the final post.
2026-03-07 23:52:40,581 - LinkedInWatcher - ERROR - Failed to post: LINKEDIN_PROMPT_ENG_DAY2_20260303.md
2026-03-07 23:52:40,581 - LinkedInWatcher - ERROR - [FAIL] Failed: LINKEDIN_PROMPT_ENG_DAY2_20260303.md
2026-03-07 23:52:56,707 - LinkedInWatcher - INFO - LinkedIn Watcher stopped by user
2026-03-07 23:52:56,708 - LinkedInWatcher - INFO - LinkedIn Watcher shutting down
