2026-03-14 00:33:09,848 - LinkedInWatcher - INFO - LinkedInWatcher initialized
2026-03-14 00:33:09,848 - LinkedInWatcher - INFO - Vault path: C:\Users\hr773\Documents\GitHub\personal-AI-FTE\AI_Employee_Vault
2026-03-14 00:33:09,849 - LinkedInWatcher - INFO - Check interval: 30s
2026-03-14 00:33:09,851 - LinkedInWatcher - INFO - Session path: C:\Users\hr773\Documents\GitHub\personal-AI-FTE\AI_Employee_Vault\Scripts\linkedin_session
2026-03-14 00:33:09,851 - LinkedInWatcher - INFO - Watching: C:\Users\hr773\Documents\GitHub\personal-AI-FTE\AI_Employee_Vault\Approved
2026-03-14 00:33:09,851 - LinkedInWatcher - INFO - Check interval: 30s
2026-03-14 00:33:09,853 - LinkedInWatcher - INFO - LinkedIn Watcher ready - will auto-post approved content
2026-03-14 00:33:09,853 - LinkedInWatcher - INFO - Starting LinkedIn Watcher
2026-03-14 00:33:09,854 - LinkedInWatcher - INFO - Watching for approved posts every 30 seconds
2026-03-14 00:33:09,884 - LinkedInWatcher - INFO - Found approved post: LINKEDIN_PROMPT_ENG_DAY3_20260307.md
2026-03-14 00:33:09,919 - LinkedInWatcher - INFO - Found 1 post(s) to process
2026-03-14 00:33:09,920 - LinkedInWatcher - INFO - Posting content from: LINKEDIN_PROMPT_ENG_DAY3_20260307.md
2026-03-14 00:33:09,922 - LinkedInWatcher - INFO - Content length: 4486 characters
2026-03-14 00:33:09,922 - LinkedInWatcher - INFO - Launching browser...
2026-03-14 00:33:33,140 - LinkedInWatcher - INFO - Browser launched
2026-03-14 00:33:33,142 - LinkedInWatcher - INFO - Navigating to LinkedIn...
2026-03-14 00:33:59,744 - LinkedInWatcher - INFO - Current URL: https://www.linkedin.com/feed
2026-03-14 00:33:59,744 - LinkedInWatcher - INFO - Waiting for LinkedIn feed to load (up to 60 seconds)...
2026-03-14 00:34:29,790 - LinkedInWatcher - ERROR - LinkedIn feed not loaded - login may be required
2026-03-14 00:34:29,791 - LinkedInWatcher - ERROR - Current URL: https://www.linkedin.com/feed/
2026-03-14 00:34:29,797 - LinkedInWatcher - INFO - Feed not found yet, waiting additional 30 seconds...
2026-03-14 00:34:59,885 - LinkedInWatcher - INFO - LinkedIn feed loaded!
2026-03-14 00:35:02,899 - LinkedInWatcher - INFO - Checking for popups/carousels...
2026-03-14 00:35:14,965 - LinkedInWatcher - INFO - Looking for "Start a post" button...
2026-03-14 00:35:15,122 - LinkedInWatcher - INFO - Found "Start a post" via locator
2026-03-14 00:35:15,122 - LinkedInWatcher - INFO - Clicking "Start a post" button...
2026-03-14 00:35:15,539 - LinkedInWatcher - INFO - Click sent, waiting for dialog...
2026-03-14 00:35:20,740 - LinkedInWatcher - INFO - Dialog not detected, trying alternative click...
2026-03-14 00:35:25,799 - LinkedInWatcher - INFO - Looking for text area in dialog...
2026-03-14 00:35:28,764 - LinkedInWatcher - INFO - Found text area with: div[contenteditable="true"]
2026-03-14 00:35:28,765 - LinkedInWatcher - INFO - Focusing post text area...
2026-03-14 00:35:30,962 - LinkedInWatcher - WARNING - Content truncated to 3000 characters
2026-03-14 00:35:30,964 - LinkedInWatcher - INFO - Typing post content...
2026-03-14 00:35:32,076 - LinkedInWatcher - INFO - Content entered via fill
2026-03-14 00:35:35,099 - LinkedInWatcher - INFO - Looking for Post button...
2026-03-14 00:35:35,133 - LinkedInWatcher - INFO - Found Post button with: button:has-text("Post")
2026-03-14 00:35:35,133 - LinkedInWatcher - INFO - Clicking Post button...
2026-03-14 00:35:45,147 - LinkedInWatcher - INFO - Normal click failed: ElementHandle.click: Timeout 10000ms exceeded.
Call log:
  - attempting click action
    2 ū waiting for element to be visible, enabled and stable
      - element is not visible
    - retrying click action
    - waiting 20ms
    2 ū waiting for element to be visible, enabled and stable
      - element is not visible
    - retrying click action
      - waiting 100ms
    18 ū waiting for element to be visible, enabled and stable
       - element is not visible
     - retrying click action
       - waiting 500ms

2026-03-14 00:35:45,149 - LinkedInWatcher - INFO - Trying force click...
2026-03-14 00:35:45,161 - LinkedInWatcher - INFO - Force click failed: ElementHandle.click: Element is not visible
Call log:
  - attempting click action
    - scrolling into view if needed

2026-03-14 00:35:45,161 - LinkedInWatcher - INFO - Using JavaScript click...
2026-03-14 00:35:45,167 - LinkedInWatcher - INFO - Post button clicked, waiting for confirmation...
2026-03-14 00:35:53,628 - LinkedInWatcher - INFO - Screenshot saved: C:\Users\hr773\Documents\GitHub\personal-AI-FTE\AI_Employee_Vault\Logs\linkedin_20260314_003553.png
2026-03-14 00:35:53,643 - LinkedInWatcher - WARNING - Dialog still open - post may not have been submitted!
2026-03-14 00:35:53,643 - LinkedInWatcher - WARNING - LinkedIn may require manual confirmation for the final post.
2026-03-14 00:35:55,789 - LinkedInWatcher - ERROR - Failed to post: LINKEDIN_PROMPT_ENG_DAY3_20260307.md
2026-03-14 00:35:55,790 - LinkedInWatcher - ERROR - [FAIL] Failed: LINKEDIN_PROMPT_ENG_DAY3_20260307.md
2026-03-14 00:36:25,798 - LinkedInWatcher - INFO - Found approved post: LINKEDIN_PROMPT_ENG_DAY3_20260307.md
