2026-02-26 02:00:42,734 - FilesystemWatcher - INFO - FilesystemWatcher initialized
2026-02-26 02:00:42,735 - FilesystemWatcher - INFO - Vault path: C:\Users\hr773\Documents\GitHub\personal-AI-FTE\AI_Employee_Vault
2026-02-26 02:00:42,736 - FilesystemWatcher - INFO - Check interval: 1s
2026-02-26 02:00:42,736 - FilesystemWatcher - INFO - Filesystem Watcher ready
2026-02-26 02:00:42,736 - FilesystemWatcher - INFO - Watching: C:\Users\hr773\Documents\GitHub\personal-AI-FTE\AI_Employee_Vault\Inbox
2026-02-26 02:00:42,868 - FilesystemWatcher - INFO - New file detected: test_verification.txt (47 bytes)
2026-02-26 02:00:42,875 - FilesystemWatcher - INFO - Copied file to: C:\Users\hr773\Documents\GitHub\personal-AI-FTE\AI_Employee_Vault\Needs_Action\FILE_test_verification.txt
2026-02-26 02:00:42,880 - FilesystemWatcher - DEBUG - Marked item as processed: d29551af0ad02525cbab8bb047db8872
2026-02-26 02:00:42,882 - FilesystemWatcher - INFO - Removed from inbox: test_verification.txt
2026-02-26 02:01:26,992 - FilesystemWatcher - INFO - FilesystemWatcher initialized
2026-02-26 02:01:26,992 - FilesystemWatcher - INFO - Vault path: C:\Users\hr773\Documents\GitHub\personal-AI-FTE\AI_Employee_Vault
2026-02-26 02:01:26,992 - FilesystemWatcher - INFO - Check interval: 1s
2026-02-26 02:01:26,993 - FilesystemWatcher - INFO - Filesystem Watcher ready
2026-02-26 02:01:26,993 - FilesystemWatcher - INFO - Watching: C:\Users\hr773\Documents\GitHub\personal-AI-FTE\AI_Employee_Vault\Inbox
2026-02-26 02:01:27,114 - FilesystemWatcher - INFO - New file detected: test_verification.txt (47 bytes)
2026-02-26 02:01:27,122 - FilesystemWatcher - INFO - Copied file to: C:\Users\hr773\Documents\GitHub\personal-AI-FTE\AI_Employee_Vault\Needs_Action\FILE_test_verification.txt
2026-02-26 02:01:27,124 - FilesystemWatcher - DEBUG - Marked item as processed: ece29435e21cf9929eddf9086a1d7f02
2026-02-26 02:01:27,125 - FilesystemWatcher - INFO - Removed from inbox: test_verification.txt
2026-02-26 02:06:30,469 - FilesystemWatcher - INFO - FilesystemWatcher initialized
2026-02-26 02:06:30,469 - FilesystemWatcher - INFO - Vault path: C:\Users\hr773\Documents\GitHub\personal-AI-FTE\AI_Employee_Vault
2026-02-26 02:06:30,470 - FilesystemWatcher - INFO - Check interval: 30s
2026-02-26 02:06:30,470 - FilesystemWatcher - INFO - Filesystem Watcher ready
2026-02-26 02:06:30,470 - FilesystemWatcher - INFO - Watching: C:\Users\hr773\Documents\GitHub\personal-AI-FTE\AI_Employee_Vault\Inbox
2026-02-26 02:06:30,471 - FilesystemWatcher - INFO - Starting FilesystemWatcher
2026-02-26 02:06:30,471 - FilesystemWatcher - INFO - Watching for changes every 30 seconds
2026-02-26 02:06:30,472 - FilesystemWatcher - DEBUG - No new items
2026-02-26 02:07:00,473 - FilesystemWatcher - DEBUG - No new items
2026-02-26 02:07:30,474 - FilesystemWatcher - DEBUG - No new items
2026-02-26 02:08:00,476 - FilesystemWatcher - DEBUG - No new items
2026-02-26 02:08:30,479 - FilesystemWatcher - DEBUG - No new items
2026-02-26 02:09:00,480 - FilesystemWatcher - DEBUG - No new items
2026-02-26 02:09:30,482 - FilesystemWatcher - DEBUG - No new items
2026-02-26 02:10:00,483 - FilesystemWatcher - DEBUG - No new items
2026-02-26 02:10:30,589 - FilesystemWatcher - INFO - New file detected: test_file.md (28 bytes)
2026-02-26 02:10:30,590 - FilesystemWatcher - INFO - Found 1 new item(s)
2026-02-26 02:10:30,597 - FilesystemWatcher - INFO - Copied file to: C:\Users\hr773\Documents\GitHub\personal-AI-FTE\AI_Employee_Vault\Needs_Action\FILE_test_file.md
2026-02-26 02:10:30,601 - FilesystemWatcher - DEBUG - Marked item as processed: cc96722f163d7ef469d751e1e8d4be15
2026-02-26 02:10:30,603 - FilesystemWatcher - INFO - Removed from inbox: test_file.md
2026-02-26 02:10:30,603 - FilesystemWatcher - INFO - Created action file: FILE_test_file.md.meta.md
2026-02-26 02:11:00,608 - FilesystemWatcher - DEBUG - No new items
2026-02-26 02:11:30,610 - FilesystemWatcher - DEBUG - No new items
2026-02-26 02:12:00,612 - FilesystemWatcher - DEBUG - No new items
2026-02-26 02:12:30,613 - FilesystemWatcher - DEBUG - No new items
2026-02-26 02:13:00,615 - FilesystemWatcher - DEBUG - No new items
2026-02-26 02:13:30,616 - FilesystemWatcher - DEBUG - No new items
2026-02-26 02:14:00,617 - FilesystemWatcher - DEBUG - No new items
2026-02-26 02:14:30,619 - FilesystemWatcher - DEBUG - No new items
2026-02-26 02:15:00,619 - FilesystemWatcher - DEBUG - No new items
2026-02-26 02:15:30,621 - FilesystemWatcher - DEBUG - No new items
2026-02-26 02:15:36,559 - FilesystemWatcher - INFO - FilesystemWatcher initialized
2026-02-26 02:15:36,560 - FilesystemWatcher - INFO - Vault path: C:\Users\hr773\Documents\GitHub\personal-AI-FTE\AI_Employee_Vault
2026-02-26 02:15:36,560 - FilesystemWatcher - INFO - Check interval: 1s
2026-02-26 02:15:36,566 - FilesystemWatcher - INFO - Filesystem Watcher ready
2026-02-26 02:15:36,566 - FilesystemWatcher - INFO - Watching: C:\Users\hr773\Documents\GitHub\personal-AI-FTE\AI_Employee_Vault\Inbox
2026-02-26 02:15:36,687 - FilesystemWatcher - INFO - New file detected: test_verification.txt (47 bytes)
2026-02-26 02:15:36,690 - FilesystemWatcher - INFO - Copied file to: C:\Users\hr773\Documents\GitHub\personal-AI-FTE\AI_Employee_Vault\Needs_Action\FILE_test_verification.txt
2026-02-26 02:15:36,692 - FilesystemWatcher - DEBUG - Marked item as processed: 4fc1b31e58e6c6a6480ea488157e68ba
2026-02-26 02:15:36,692 - FilesystemWatcher - INFO - Removed from inbox: test_verification.txt
2026-02-26 02:15:43,479 - FilesystemWatcher - INFO - FilesystemWatcher stopped by user
2026-02-26 02:15:43,480 - FilesystemWatcher - INFO - FilesystemWatcher shutting down
2026-02-26 02:17:15,246 - FilesystemWatcher - INFO - FilesystemWatcher initialized
2026-02-26 02:17:15,246 - FilesystemWatcher - INFO - Vault path: C:\Users\hr773\Documents\GitHub\personal-AI-FTE\AI_Employee_Vault
2026-02-26 02:17:15,247 - FilesystemWatcher - INFO - Check interval: 30s
2026-02-26 02:17:15,247 - FilesystemWatcher - INFO - Filesystem Watcher ready
2026-02-26 02:17:15,247 - FilesystemWatcher - INFO - Watching: C:\Users\hr773\Documents\GitHub\personal-AI-FTE\AI_Employee_Vault\Inbox
2026-02-26 02:17:15,248 - FilesystemWatcher - INFO - Starting FilesystemWatcher
2026-02-26 02:17:15,248 - FilesystemWatcher - INFO - Watching for changes every 30 seconds
2026-02-26 02:17:15,248 - FilesystemWatcher - DEBUG - No new items
2026-02-26 02:17:45,250 - FilesystemWatcher - DEBUG - No new items
2026-02-26 02:18:15,251 - FilesystemWatcher - DEBUG - No new items
2026-02-26 02:18:45,252 - FilesystemWatcher - DEBUG - No new items
2026-02-26 02:19:15,254 - FilesystemWatcher - DEBUG - No new items
2026-02-26 02:19:45,256 - FilesystemWatcher - DEBUG - No new items
2026-02-26 02:20:15,257 - FilesystemWatcher - DEBUG - No new items
2026-02-26 02:20:45,259 - FilesystemWatcher - DEBUG - No new items
2026-02-26 02:21:15,269 - FilesystemWatcher - DEBUG - No new items
2026-02-26 02:21:45,270 - FilesystemWatcher - DEBUG - No new items
2026-02-26 02:22:15,271 - FilesystemWatcher - DEBUG - No new items
2026-02-26 02:22:45,273 - FilesystemWatcher - DEBUG - No new items
2026-02-26 02:23:15,275 - FilesystemWatcher - DEBUG - No new items
2026-02-26 02:23:45,276 - FilesystemWatcher - DEBUG - No new items
2026-02-26 02:24:15,277 - FilesystemWatcher - DEBUG - No new items
2026-02-26 02:24:45,278 - FilesystemWatcher - DEBUG - No new items
2026-02-26 02:25:15,280 - FilesystemWatcher - DEBUG - No new items
2026-02-26 02:25:45,282 - FilesystemWatcher - DEBUG - No new items
2026-02-26 02:26:15,283 - FilesystemWatcher - DEBUG - No new items
2026-02-26 02:26:33,599 - FilesystemWatcher - INFO - FilesystemWatcher initialized
2026-02-26 02:26:33,599 - FilesystemWatcher - INFO - Vault path: C:\Users\hr773\Documents\GitHub\personal-AI-FTE\AI_Employee_Vault
2026-02-26 02:26:33,600 - FilesystemWatcher - INFO - Check interval: 1s
2026-02-26 02:26:33,600 - FilesystemWatcher - INFO - Filesystem Watcher ready
2026-02-26 02:26:33,600 - FilesystemWatcher - INFO - Watching: C:\Users\hr773\Documents\GitHub\personal-AI-FTE\AI_Employee_Vault\Inbox
2026-02-26 02:26:33,717 - FilesystemWatcher - INFO - New file detected: test_verification.txt (47 bytes)
2026-02-26 02:26:33,725 - FilesystemWatcher - INFO - Copied file to: C:\Users\hr773\Documents\GitHub\personal-AI-FTE\AI_Employee_Vault\Needs_Action\FILE_test_verification.txt
2026-02-26 02:26:33,728 - FilesystemWatcher - DEBUG - Marked item as processed: 6d44fa6e75aa127fa449783e6707292c
2026-02-26 02:26:33,729 - FilesystemWatcher - INFO - Removed from inbox: test_verification.txt
2026-02-26 02:26:45,285 - FilesystemWatcher - DEBUG - No new items
2026-02-26 02:27:15,286 - FilesystemWatcher - DEBUG - No new items
2026-02-26 02:27:45,287 - FilesystemWatcher - DEBUG - No new items
2026-02-26 02:28:15,288 - FilesystemWatcher - DEBUG - No new items
2026-02-26 02:28:45,289 - FilesystemWatcher - DEBUG - No new items
2026-02-26 02:29:15,291 - FilesystemWatcher - DEBUG - No new items
2026-02-26 02:29:45,291 - FilesystemWatcher - DEBUG - No new items
2026-02-26 23:04:49,612 - FilesystemWatcher - DEBUG - No new items
2026-02-26 23:05:19,614 - FilesystemWatcher - DEBUG - No new items
2026-02-26 23:05:49,615 - FilesystemWatcher - DEBUG - No new items
2026-02-26 23:06:19,617 - FilesystemWatcher - DEBUG - No new items
2026-02-26 23:06:49,618 - FilesystemWatcher - DEBUG - No new items
2026-02-26 23:07:19,620 - FilesystemWatcher - DEBUG - No new items
2026-02-26 23:07:49,622 - FilesystemWatcher - DEBUG - No new items
2026-02-26 23:08:19,623 - FilesystemWatcher - DEBUG - No new items
2026-02-26 23:08:49,625 - FilesystemWatcher - DEBUG - No new items
2026-02-26 23:09:19,627 - FilesystemWatcher - DEBUG - No new items
2026-02-26 23:09:49,629 - FilesystemWatcher - DEBUG - No new items
2026-02-26 23:10:19,631 - FilesystemWatcher - DEBUG - No new items
2026-02-26 23:10:49,632 - FilesystemWatcher - DEBUG - No new items
2026-02-26 23:11:19,633 - FilesystemWatcher - DEBUG - No new items
2026-02-26 23:11:49,635 - FilesystemWatcher - DEBUG - No new items
2026-02-26 23:21:04,384 - FilesystemWatcher - DEBUG - No new items
2026-02-26 23:21:34,385 - FilesystemWatcher - DEBUG - No new items
2026-02-26 23:22:04,387 - FilesystemWatcher - DEBUG - No new items
2026-02-26 23:22:34,388 - FilesystemWatcher - DEBUG - No new items
2026-02-26 23:23:04,389 - FilesystemWatcher - DEBUG - No new items
2026-02-26 23:23:34,391 - FilesystemWatcher - DEBUG - No new items
2026-02-26 23:24:04,393 - FilesystemWatcher - DEBUG - No new items
2026-02-26 23:24:34,395 - FilesystemWatcher - DEBUG - No new items
2026-02-26 23:25:04,396 - FilesystemWatcher - DEBUG - No new items
2026-02-26 23:25:34,397 - FilesystemWatcher - DEBUG - No new items
2026-02-26 23:26:04,399 - FilesystemWatcher - DEBUG - No new items
2026-02-26 23:26:34,400 - FilesystemWatcher - DEBUG - No new items
2026-02-26 23:27:04,402 - FilesystemWatcher - DEBUG - No new items
2026-02-26 23:27:34,403 - FilesystemWatcher - DEBUG - No new items
2026-02-26 23:28:04,404 - FilesystemWatcher - DEBUG - No new items
2026-02-26 23:28:34,405 - FilesystemWatcher - DEBUG - No new items
2026-02-26 23:29:04,406 - FilesystemWatcher - DEBUG - No new items
2026-02-26 23:29:34,408 - FilesystemWatcher - DEBUG - No new items
2026-02-26 23:30:04,409 - FilesystemWatcher - DEBUG - No new items
2026-02-26 23:30:34,411 - FilesystemWatcher - DEBUG - No new items
2026-02-26 23:31:04,412 - FilesystemWatcher - DEBUG - No new items
2026-02-26 23:31:34,414 - FilesystemWatcher - DEBUG - No new items
2026-02-26 23:32:04,415 - FilesystemWatcher - DEBUG - No new items
2026-02-26 23:32:34,417 - FilesystemWatcher - DEBUG - No new items
2026-02-26 23:33:04,427 - FilesystemWatcher - DEBUG - No new items
2026-02-26 23:33:34,428 - FilesystemWatcher - DEBUG - No new items
2026-02-26 23:34:04,429 - FilesystemWatcher - DEBUG - No new items
2026-02-26 23:34:34,430 - FilesystemWatcher - DEBUG - No new items
2026-02-26 23:35:04,431 - FilesystemWatcher - DEBUG - No new items
2026-02-26 23:35:34,432 - FilesystemWatcher - DEBUG - No new items
2026-02-26 23:36:04,433 - FilesystemWatcher - DEBUG - No new items
2026-02-26 23:36:34,435 - FilesystemWatcher - DEBUG - No new items
2026-02-26 23:37:04,436 - FilesystemWatcher - DEBUG - No new items
2026-02-26 23:37:34,438 - FilesystemWatcher - DEBUG - No new items
2026-02-26 23:38:04,439 - FilesystemWatcher - DEBUG - No new items
2026-02-26 23:38:34,440 - FilesystemWatcher - DEBUG - No new items
2026-02-26 23:39:04,441 - FilesystemWatcher - DEBUG - No new items
2026-02-26 23:39:34,443 - FilesystemWatcher - DEBUG - No new items
2026-02-26 23:40:04,445 - FilesystemWatcher - DEBUG - No new items
2026-02-26 23:40:34,446 - FilesystemWatcher - DEBUG - No new items
2026-02-26 23:41:04,448 - FilesystemWatcher - DEBUG - No new items
2026-02-26 23:41:34,449 - FilesystemWatcher - DEBUG - No new items
2026-02-26 23:42:04,450 - FilesystemWatcher - DEBUG - No new items
2026-02-26 23:42:34,452 - FilesystemWatcher - DEBUG - No new items
2026-02-26 23:43:04,453 - FilesystemWatcher - DEBUG - No new items
2026-02-26 23:43:34,454 - FilesystemWatcher - DEBUG - No new items
2026-02-26 23:44:04,455 - FilesystemWatcher - DEBUG - No new items
2026-02-26 23:44:34,457 - FilesystemWatcher - DEBUG - No new items
2026-02-26 23:45:04,459 - FilesystemWatcher - DEBUG - No new items
2026-02-26 23:45:34,461 - FilesystemWatcher - DEBUG - No new items
2026-02-26 23:46:04,462 - FilesystemWatcher - DEBUG - No new items
2026-02-26 23:46:34,463 - FilesystemWatcher - DEBUG - No new items
2026-02-26 23:47:04,464 - FilesystemWatcher - DEBUG - No new items
2026-02-26 23:47:34,465 - FilesystemWatcher - DEBUG - No new items
2026-02-26 23:48:04,467 - FilesystemWatcher - DEBUG - No new items
2026-02-26 23:48:34,469 - FilesystemWatcher - DEBUG - No new items
2026-02-26 23:49:04,470 - FilesystemWatcher - DEBUG - No new items
2026-02-26 23:49:34,471 - FilesystemWatcher - DEBUG - No new items
2026-02-26 23:50:04,473 - FilesystemWatcher - DEBUG - No new items
2026-02-26 23:50:34,474 - FilesystemWatcher - DEBUG - No new items
2026-02-26 23:51:04,475 - FilesystemWatcher - DEBUG - No new items
2026-02-26 23:51:34,476 - FilesystemWatcher - DEBUG - No new items
2026-02-26 23:52:04,479 - FilesystemWatcher - DEBUG - No new items
2026-02-26 23:52:34,481 - FilesystemWatcher - DEBUG - No new items
2026-02-26 23:53:04,482 - FilesystemWatcher - DEBUG - No new items
2026-02-26 23:53:34,484 - FilesystemWatcher - DEBUG - No new items
2026-02-26 23:54:04,486 - FilesystemWatcher - DEBUG - No new items
2026-02-26 23:54:34,487 - FilesystemWatcher - DEBUG - No new items
2026-02-26 23:55:04,489 - FilesystemWatcher - DEBUG - No new items
2026-02-26 23:55:34,491 - FilesystemWatcher - DEBUG - No new items
2026-02-26 23:56:04,492 - FilesystemWatcher - DEBUG - No new items
2026-02-26 23:56:34,494 - FilesystemWatcher - DEBUG - No new items
2026-02-26 23:57:04,496 - FilesystemWatcher - DEBUG - No new items
2026-02-26 23:57:34,497 - FilesystemWatcher - DEBUG - No new items
2026-02-26 23:58:04,499 - FilesystemWatcher - DEBUG - No new items
2026-02-26 23:58:34,501 - FilesystemWatcher - DEBUG - No new items
2026-02-26 23:59:04,503 - FilesystemWatcher - DEBUG - No new items
2026-02-26 23:59:34,504 - FilesystemWatcher - DEBUG - No new items
2026-02-27 00:00:04,505 - FilesystemWatcher - DEBUG - No new items
2026-02-27 00:00:34,506 - FilesystemWatcher - DEBUG - No new items
2026-02-27 00:01:04,508 - FilesystemWatcher - DEBUG - No new items
2026-02-27 00:01:34,510 - FilesystemWatcher - DEBUG - No new items
2026-02-27 00:02:04,512 - FilesystemWatcher - DEBUG - No new items
2026-02-27 00:02:34,514 - FilesystemWatcher - DEBUG - No new items
2026-02-27 00:03:04,517 - FilesystemWatcher - DEBUG - No new items
2026-02-27 00:03:34,518 - FilesystemWatcher - DEBUG - No new items
2026-02-27 00:04:04,519 - FilesystemWatcher - DEBUG - No new items
2026-02-27 00:04:34,535 - FilesystemWatcher - DEBUG - No new items
2026-02-27 00:05:04,538 - FilesystemWatcher - DEBUG - No new items
2026-02-27 00:05:34,539 - FilesystemWatcher - DEBUG - No new items
2026-02-27 00:06:04,540 - FilesystemWatcher - DEBUG - No new items
2026-02-27 00:06:34,543 - FilesystemWatcher - DEBUG - No new items
2026-02-27 00:07:04,544 - FilesystemWatcher - DEBUG - No new items
2026-02-27 00:07:34,546 - FilesystemWatcher - DEBUG - No new items
2026-02-27 00:08:04,547 - FilesystemWatcher - DEBUG - No new items
2026-02-27 00:08:34,550 - FilesystemWatcher - DEBUG - No new items
2026-02-27 00:09:04,552 - FilesystemWatcher - DEBUG - No new items
2026-02-27 00:09:34,552 - FilesystemWatcher - DEBUG - No new items
2026-02-27 00:10:04,554 - FilesystemWatcher - DEBUG - No new items
2026-02-27 00:10:34,555 - FilesystemWatcher - DEBUG - No new items
2026-02-27 00:11:04,557 - FilesystemWatcher - DEBUG - No new items
2026-02-27 00:11:34,559 - FilesystemWatcher - DEBUG - No new items
2026-02-27 00:12:04,560 - FilesystemWatcher - DEBUG - No new items
2026-02-27 00:12:34,561 - FilesystemWatcher - DEBUG - No new items
2026-02-27 00:13:04,563 - FilesystemWatcher - DEBUG - No new items
2026-02-27 00:13:34,564 - FilesystemWatcher - DEBUG - No new items
2026-02-27 00:14:04,565 - FilesystemWatcher - DEBUG - No new items
2026-02-27 00:14:34,567 - FilesystemWatcher - DEBUG - No new items
2026-02-27 00:15:04,568 - FilesystemWatcher - DEBUG - No new items
2026-02-27 00:15:34,569 - FilesystemWatcher - DEBUG - No new items
2026-02-27 00:16:04,571 - FilesystemWatcher - DEBUG - No new items
2026-02-27 00:16:34,573 - FilesystemWatcher - DEBUG - No new items
2026-02-27 00:17:04,574 - FilesystemWatcher - DEBUG - No new items
2026-02-27 00:17:34,584 - FilesystemWatcher - DEBUG - No new items
2026-02-27 00:18:04,601 - FilesystemWatcher - DEBUG - No new items
2026-02-27 00:18:34,603 - FilesystemWatcher - DEBUG - No new items
2026-02-27 00:19:04,605 - FilesystemWatcher - DEBUG - No new items
2026-02-27 00:19:34,606 - FilesystemWatcher - DEBUG - No new items
2026-02-27 00:20:04,608 - FilesystemWatcher - DEBUG - No new items
2026-02-27 00:20:34,609 - FilesystemWatcher - DEBUG - No new items
2026-02-27 00:21:04,612 - FilesystemWatcher - DEBUG - No new items
2026-02-27 00:21:34,613 - FilesystemWatcher - DEBUG - No new items
2026-02-27 00:22:04,615 - FilesystemWatcher - DEBUG - No new items
2026-02-27 00:22:34,616 - FilesystemWatcher - DEBUG - No new items
2026-02-27 00:23:04,617 - FilesystemWatcher - DEBUG - No new items
2026-02-27 00:23:34,619 - FilesystemWatcher - DEBUG - No new items
2026-02-27 00:24:04,621 - FilesystemWatcher - DEBUG - No new items
2026-02-27 00:24:34,622 - FilesystemWatcher - DEBUG - No new items
2026-02-27 00:25:04,623 - FilesystemWatcher - DEBUG - No new items
2026-02-27 00:25:34,625 - FilesystemWatcher - DEBUG - No new items
2026-02-27 00:26:04,627 - FilesystemWatcher - DEBUG - No new items
2026-02-27 00:26:34,629 - FilesystemWatcher - DEBUG - No new items
2026-02-27 00:27:04,630 - FilesystemWatcher - DEBUG - No new items
2026-02-27 00:27:34,632 - FilesystemWatcher - DEBUG - No new items
2026-02-27 00:28:04,633 - FilesystemWatcher - DEBUG - No new items
2026-02-27 00:28:34,635 - FilesystemWatcher - DEBUG - No new items
2026-02-27 00:29:04,636 - FilesystemWatcher - DEBUG - No new items
2026-02-27 00:29:34,638 - FilesystemWatcher - DEBUG - No new items
2026-02-27 00:30:04,639 - FilesystemWatcher - DEBUG - No new items
2026-02-27 00:30:34,641 - FilesystemWatcher - DEBUG - No new items
2026-02-27 00:31:04,643 - FilesystemWatcher - DEBUG - No new items
2026-02-27 00:31:34,644 - FilesystemWatcher - DEBUG - No new items
2026-02-27 00:32:04,646 - FilesystemWatcher - DEBUG - No new items
2026-02-27 00:32:34,647 - FilesystemWatcher - DEBUG - No new items
2026-02-27 00:33:04,649 - FilesystemWatcher - DEBUG - No new items
2026-02-27 00:33:34,650 - FilesystemWatcher - DEBUG - No new items
2026-02-27 00:34:04,652 - FilesystemWatcher - DEBUG - No new items
2026-02-27 00:34:34,653 - FilesystemWatcher - DEBUG - No new items
2026-02-27 00:35:04,655 - FilesystemWatcher - DEBUG - No new items
2026-02-27 00:54:46,449 - FilesystemWatcher - DEBUG - No new items
2026-02-27 00:55:16,450 - FilesystemWatcher - DEBUG - No new items
2026-02-27 00:55:46,451 - FilesystemWatcher - DEBUG - No new items
2026-02-27 00:56:16,452 - FilesystemWatcher - DEBUG - No new items
2026-02-27 00:56:46,454 - FilesystemWatcher - DEBUG - No new items
2026-02-27 00:57:16,455 - FilesystemWatcher - DEBUG - No new items
2026-02-27 00:57:46,457 - FilesystemWatcher - DEBUG - No new items
2026-02-27 00:58:16,459 - FilesystemWatcher - DEBUG - No new items
2026-02-27 00:58:46,460 - FilesystemWatcher - DEBUG - No new items
2026-02-27 00:59:16,461 - FilesystemWatcher - DEBUG - No new items
2026-02-27 00:59:46,462 - FilesystemWatcher - DEBUG - No new items
2026-02-27 01:00:16,464 - FilesystemWatcher - DEBUG - No new items
2026-02-27 01:00:46,465 - FilesystemWatcher - DEBUG - No new items
2026-02-27 01:01:16,467 - FilesystemWatcher - DEBUG - No new items
2026-02-27 01:01:46,469 - FilesystemWatcher - DEBUG - No new items
2026-02-27 01:02:16,470 - FilesystemWatcher - DEBUG - No new items
2026-02-27 01:02:46,472 - FilesystemWatcher - DEBUG - No new items
2026-02-27 01:03:16,473 - FilesystemWatcher - DEBUG - No new items
2026-02-27 01:03:46,476 - FilesystemWatcher - DEBUG - No new items
2026-02-27 01:04:16,478 - FilesystemWatcher - DEBUG - No new items
2026-02-27 01:04:46,479 - FilesystemWatcher - DEBUG - No new items
2026-02-27 01:05:16,481 - FilesystemWatcher - DEBUG - No new items
2026-02-27 01:05:46,482 - FilesystemWatcher - DEBUG - No new items
2026-02-27 01:06:16,483 - FilesystemWatcher - DEBUG - No new items
2026-02-27 01:06:46,485 - FilesystemWatcher - DEBUG - No new items
2026-02-27 01:07:16,486 - FilesystemWatcher - DEBUG - No new items
2026-02-27 01:07:46,487 - FilesystemWatcher - DEBUG - No new items
2026-02-27 01:08:16,489 - FilesystemWatcher - DEBUG - No new items
2026-02-27 01:08:46,490 - FilesystemWatcher - DEBUG - No new items
2026-02-27 01:09:16,492 - FilesystemWatcher - DEBUG - No new items
2026-02-27 01:09:46,493 - FilesystemWatcher - DEBUG - No new items
2026-02-27 01:10:16,495 - FilesystemWatcher - DEBUG - No new items
2026-02-27 01:10:46,497 - FilesystemWatcher - DEBUG - No new items
2026-02-27 01:11:16,499 - FilesystemWatcher - DEBUG - No new items
2026-02-27 01:11:46,500 - FilesystemWatcher - DEBUG - No new items
2026-02-27 01:12:00,727 - FilesystemWatcher - INFO - FilesystemWatcher stopped by user
2026-02-27 01:12:00,741 - FilesystemWatcher - INFO - FilesystemWatcher shutting down
