2026-03-02 01:06:02,540 - LinkedInWatcherStealth - INFO - LinkedInWatcherStealth initialized
2026-03-02 01:06:02,540 - LinkedInWatcherStealth - INFO - Vault path: C:\Users\hr773\Documents\GitHub\personal-AI-FTE\AI_Employee_Vault
2026-03-02 01:06:02,540 - LinkedInWatcherStealth - INFO - Check interval: 30s
2026-03-02 01:09:47,623 - LinkedInWatcherStealth - INFO - LinkedInWatcherStealth initialized
2026-03-02 01:09:47,634 - LinkedInWatcherStealth - INFO - Vault path: C:\Users\hr773\Documents\GitHub\personal-AI-FTE\AI_Employee_Vault
2026-03-02 01:09:47,634 - LinkedInWatcherStealth - INFO - Check interval: 30s
2026-03-02 01:20:30,346 - LinkedInWatcher - INFO - LinkedInWatcher initialized
2026-03-02 01:20:30,352 - LinkedInWatcher - INFO - Vault path: C:\Users\hr773\Documents\GitHub\personal-AI-FTE\AI_Employee_Vault
2026-03-02 01:20:30,353 - LinkedInWatcher - INFO - Check interval: 30s
2026-03-02 01:20:30,358 - LinkedInWatcher - INFO - Session path: C:\Users\hr773\Documents\GitHub\personal-AI-FTE\AI_Employee_Vault\Scripts\linkedin_session
2026-03-02 01:20:30,358 - LinkedInWatcher - INFO - Watching: C:\Users\hr773\Documents\GitHub\personal-AI-FTE\AI_Employee_Vault\Approved
2026-03-02 01:20:30,358 - LinkedInWatcher - INFO - Check interval: 30s
2026-03-02 01:20:30,359 - LinkedInWatcher - INFO - LinkedIn Watcher ready - will auto-post approved content
2026-03-02 01:20:30,359 - LinkedInWatcher - INFO - Starting LinkedIn Watcher
2026-03-02 01:20:30,360 - LinkedInWatcher - INFO - Watching for approved posts every 30 seconds
2026-03-02 01:20:30,594 - LinkedInWatcher - INFO - Found approved post: LINKEDIN_AI_TIPS_20260228.md
2026-03-02 01:20:30,594 - LinkedInWatcher - INFO - Found 1 post(s) to process
2026-03-02 01:20:30,596 - LinkedInWatcher - INFO - Posting content from: LINKEDIN_AI_TIPS_20260228.md
2026-03-02 01:20:30,596 - LinkedInWatcher - INFO - Content length: 1159 characters
2026-03-02 01:20:30,597 - LinkedInWatcher - INFO - Launching browser...
2026-03-02 01:20:55,627 - LinkedInWatcher - INFO - Browser launched
2026-03-02 01:20:55,628 - LinkedInWatcher - INFO - Navigating to LinkedIn...
2026-03-02 01:21:06,100 - LinkedInWatcher - INFO - Current URL: https://www.linkedin.com/feed
2026-03-02 01:21:06,169 - LinkedInWatcher - INFO - Waiting for LinkedIn feed to load (up to 60 seconds)...
2026-03-02 01:21:06,751 - LinkedInWatcher - INFO - Page loaded, waiting for feed element...
2026-03-02 01:21:36,894 - LinkedInWatcher - ERROR - LinkedIn feed not loaded - login may be required
2026-03-02 01:21:36,895 - LinkedInWatcher - ERROR - Current URL: https://www.linkedin.com/feed/
2026-03-02 01:21:36,898 - LinkedInWatcher - INFO - Feed not found yet, waiting additional 30 seconds...
2026-03-02 01:22:07,036 - LinkedInWatcher - INFO - LinkedIn feed loaded!
2026-03-02 01:22:10,112 - LinkedInWatcher - INFO - Checking for popups/carousels...
2026-03-02 01:22:22,158 - LinkedInWatcher - INFO - Looking for "Start a post" button...
2026-03-02 01:22:22,378 - LinkedInWatcher - INFO - Found "Start a post" via locator
2026-03-02 01:22:22,379 - LinkedInWatcher - INFO - Clicking "Start a post" button...
2026-03-02 01:22:23,041 - LinkedInWatcher - INFO - Click sent, waiting for dialog...
2026-03-02 01:22:28,173 - LinkedInWatcher - INFO - Dialog not detected, trying alternative click...
2026-03-02 01:22:33,207 - LinkedInWatcher - INFO - Looking for text area in dialog...
2026-03-02 01:22:33,245 - LinkedInWatcher - INFO - Found text area with: div[contenteditable="true"]
2026-03-02 01:22:33,245 - LinkedInWatcher - INFO - Focusing post text area...
2026-03-02 01:22:35,417 - LinkedInWatcher - INFO - Typing post content...
2026-03-02 01:22:35,809 - LinkedInWatcher - INFO - Content entered via fill
2026-03-02 01:22:38,817 - LinkedInWatcher - INFO - Looking for Post button...
2026-03-02 01:22:38,844 - LinkedInWatcher - INFO - Found Post button with: button:has-text("Post")
2026-03-02 01:22:38,844 - LinkedInWatcher - INFO - Clicking Post button...
2026-03-02 01:22:48,871 - LinkedInWatcher - INFO - Normal click failed: ElementHandle.click: Timeout 10000ms exceeded.
Call log:
  - attempting click action
    2 × waiting for element to be visible, enabled and stable
      - element is not visible
    - retrying click action
    - waiting 20ms
    2 × waiting for element to be visible, enabled and stable
      - element is not visible
    - retrying click action
      - waiting 100ms
    18 × waiting for element to be visible, enabled and stable
       - element is not visible
     - retrying click action
       - waiting 500ms

2026-03-02 01:22:48,882 - LinkedInWatcher - INFO - Trying force click...
2026-03-02 01:22:48,894 - LinkedInWatcher - INFO - Force click failed: ElementHandle.click: Element is not visible
Call log:
  - attempting click action
    - scrolling into view if needed

2026-03-02 01:22:48,894 - LinkedInWatcher - INFO - Using JavaScript click...
2026-03-02 01:22:48,906 - LinkedInWatcher - INFO - Post button clicked, waiting for confirmation...
2026-03-02 01:22:57,549 - LinkedInWatcher - INFO - Screenshot saved: C:\Users\hr773\Documents\GitHub\personal-AI-FTE\AI_Employee_Vault\Logs\linkedin_20260302_012256.png
2026-03-02 01:22:57,568 - LinkedInWatcher - WARNING - Dialog still open - post may not have been submitted!
2026-03-02 01:22:57,568 - LinkedInWatcher - WARNING - LinkedIn may require manual confirmation for the final post.
2026-03-02 01:22:59,723 - LinkedInWatcher - ERROR - Failed to post: LINKEDIN_AI_TIPS_20260228.md
2026-03-02 01:22:59,723 - LinkedInWatcher - ERROR - [FAIL] Failed: LINKEDIN_AI_TIPS_20260228.md
2026-03-02 01:23:29,728 - LinkedInWatcher - INFO - Found approved post: LINKEDIN_AI_TIPS_20260228.md
2026-03-02 01:23:29,729 - LinkedInWatcher - INFO - Found 1 post(s) to process
2026-03-02 01:23:29,731 - LinkedInWatcher - INFO - Posting content from: LINKEDIN_AI_TIPS_20260228.md
2026-03-02 01:23:29,733 - LinkedInWatcher - INFO - Content length: 1159 characters
2026-03-02 01:23:29,736 - LinkedInWatcher - INFO - Launching browser...
2026-03-02 01:23:33,595 - LinkedInWatcher - INFO - Browser launched
2026-03-02 01:23:33,630 - LinkedInWatcher - INFO - Navigating to LinkedIn...
2026-03-02 01:23:39,571 - LinkedInWatcher - INFO - Current URL: https://www.linkedin.com/feed
2026-03-02 01:23:39,572 - LinkedInWatcher - INFO - Waiting for LinkedIn feed to load (up to 60 seconds)...
2026-03-02 01:23:40,485 - LinkedInWatcher - INFO - Page loaded, waiting for feed element...
2026-03-02 01:24:10,570 - LinkedInWatcher - ERROR - LinkedIn feed not loaded - login may be required
2026-03-02 01:24:10,570 - LinkedInWatcher - ERROR - Current URL: https://www.linkedin.com/feed/
2026-03-02 01:24:10,573 - LinkedInWatcher - INFO - Feed not found yet, waiting additional 30 seconds...
2026-03-02 01:24:40,647 - LinkedInWatcher - INFO - LinkedIn feed loaded!
2026-03-02 01:24:43,669 - LinkedInWatcher - INFO - Checking for popups/carousels...
2026-03-02 01:24:55,730 - LinkedInWatcher - INFO - Looking for "Start a post" button...
2026-03-02 01:24:55,819 - LinkedInWatcher - INFO - Found "Start a post" via locator
2026-03-02 01:24:55,820 - LinkedInWatcher - INFO - Clicking "Start a post" button...
2026-03-02 01:24:56,268 - LinkedInWatcher - INFO - Click sent, waiting for dialog...
2026-03-02 01:25:01,347 - LinkedInWatcher - INFO - Dialog not detected, trying alternative click...
2026-03-02 01:25:06,377 - LinkedInWatcher - INFO - Looking for text area in dialog...
2026-03-02 01:25:06,418 - LinkedInWatcher - INFO - Found text area with: div[contenteditable="true"]
2026-03-02 01:25:06,418 - LinkedInWatcher - INFO - Focusing post text area...
2026-03-02 01:25:08,540 - LinkedInWatcher - INFO - Typing post content...
2026-03-02 01:25:08,887 - LinkedInWatcher - INFO - Content entered via fill
2026-03-02 01:25:11,906 - LinkedInWatcher - INFO - Looking for Post button...
2026-03-02 01:25:11,932 - LinkedInWatcher - INFO - Found Post button with: button:has-text("Post")
2026-03-02 01:25:11,933 - LinkedInWatcher - INFO - Clicking Post button...
2026-03-02 01:25:21,959 - LinkedInWatcher - INFO - Normal click failed: ElementHandle.click: Timeout 10000ms exceeded.
Call log:
  - attempting click action
    2 × waiting for element to be visible, enabled and stable
      - element is not visible
    - retrying click action
    - waiting 20ms
    2 × waiting for element to be visible, enabled and stable
      - element is not visible
    - retrying click action
      - waiting 100ms
    17 × waiting for element to be visible, enabled and stable
       - element is not visible
     - retrying click action
       - waiting 500ms

2026-03-02 01:25:21,962 - LinkedInWatcher - INFO - Trying force click...
2026-03-02 01:25:21,981 - LinkedInWatcher - INFO - Force click failed: ElementHandle.click: Element is not visible
Call log:
  - attempting click action
    - scrolling into view if needed

2026-03-02 01:25:21,982 - LinkedInWatcher - INFO - Using JavaScript click...
2026-03-02 01:25:21,995 - LinkedInWatcher - INFO - Post button clicked, waiting for confirmation...
2026-03-02 01:25:30,246 - LinkedInWatcher - INFO - Screenshot saved: C:\Users\hr773\Documents\GitHub\personal-AI-FTE\AI_Employee_Vault\Logs\linkedin_20260302_012530.png
2026-03-02 01:25:30,313 - LinkedInWatcher - WARNING - Dialog still open - post may not have been submitted!
2026-03-02 01:25:30,320 - LinkedInWatcher - WARNING - LinkedIn may require manual confirmation for the final post.
2026-03-02 01:25:31,761 - LinkedInWatcher - ERROR - Failed to post: LINKEDIN_AI_TIPS_20260228.md
2026-03-02 01:25:31,762 - LinkedInWatcher - ERROR - [FAIL] Failed: LINKEDIN_AI_TIPS_20260228.md
2026-03-02 01:26:01,848 - LinkedInWatcher - INFO - Found approved post: LINKEDIN_AI_TIPS_20260228.md
2026-03-02 01:46:21,807 - LinkedInWatcher - INFO - Found 1 post(s) to process
2026-03-02 01:46:21,824 - LinkedInWatcher - ERROR - Error processing post: [Errno 2] No such file or directory: 'C:\\Users\\hr773\\Documents\\GitHub\\personal-AI-FTE\\AI_Employee_Vault\\Approved\\LINKEDIN_AI_TIPS_20260228.md'
2026-03-02 01:46:21,825 - LinkedInWatcher - ERROR - [FAIL] Failed: LINKEDIN_AI_TIPS_20260228.md
2026-03-02 01:46:23,061 - LinkedInWatcher - INFO - LinkedIn Watcher stopped by user
2026-03-02 01:46:23,062 - LinkedInWatcher - INFO - LinkedIn Watcher shutting down
2026-03-02 01:56:14,639 - GmailWatcher - INFO - GmailWatcher initialized
2026-03-02 01:56:14,639 - GmailWatcher - INFO - Vault path: C:\Users\hr773\Documents\GitHub\personal-AI-FTE\AI_Employee_Vault
2026-03-02 01:56:14,640 - GmailWatcher - INFO - Check interval: 120s
2026-03-02 01:56:16,066 - GmailWatcher - INFO - Token saved to: C:\Users\hr773\Documents\GitHub\personal-AI-FTE\AI_Employee_Vault\Scripts\token.json
2026-03-02 01:56:16,118 - GmailWatcher - INFO - Connected to Gmail API
2026-03-02 01:56:16,119 - GmailWatcher - INFO - Gmail Watcher ready
2026-03-02 01:56:16,119 - GmailWatcher - INFO - Starting GmailWatcher
2026-03-02 01:56:16,119 - GmailWatcher - INFO - Watching for changes every 120 seconds
2026-03-02 01:56:17,350 - GmailWatcher - DEBUG - No new items
2026-03-02 01:58:18,033 - GmailWatcher - DEBUG - No new items
2026-03-02 02:00:18,375 - GmailWatcher - DEBUG - No new items
2026-03-02 02:02:18,704 - GmailWatcher - DEBUG - No new items
2026-03-02 02:02:36,628 - GmailWatcher - INFO - GmailWatcher initialized
2026-03-02 02:02:36,628 - GmailWatcher - INFO - Vault path: C:\Users\hr773\Documents\GitHub\personal-AI-FTE\AI_Employee_Vault
2026-03-02 02:02:36,629 - GmailWatcher - INFO - Check interval: 120s
2026-03-02 02:02:36,671 - GmailWatcher - INFO - Connected to Gmail API
2026-03-02 02:02:36,672 - GmailWatcher - INFO - Gmail Watcher ready
2026-03-02 02:02:36,672 - GmailWatcher - INFO - Starting GmailWatcher
2026-03-02 02:02:36,673 - GmailWatcher - INFO - Watching for changes every 120 seconds
2026-03-02 02:02:37,948 - GmailWatcher - DEBUG - No new items
2026-03-02 02:04:19,035 - GmailWatcher - DEBUG - No new items
2026-03-02 02:04:38,262 - GmailWatcher - DEBUG - No new items
2026-03-02 02:05:05,675 - GmailWatcher - INFO - GmailWatcher stopped by user
2026-03-02 02:05:05,676 - GmailWatcher - INFO - GmailWatcher shutting down
2026-03-02 02:05:38,541 - FilesystemWatcher - INFO - FilesystemWatcher initialized
2026-03-02 02:05:38,541 - FilesystemWatcher - INFO - Vault path: C:\Users\hr773\Documents\GitHub\personal-AI-FTE\AI_Employee_Vault
2026-03-02 02:05:38,542 - FilesystemWatcher - INFO - Check interval: 30s
2026-03-02 02:05:38,542 - FilesystemWatcher - INFO - Filesystem Watcher ready
2026-03-02 02:05:38,542 - FilesystemWatcher - INFO - Watching: C:\Users\hr773\Documents\GitHub\personal-AI-FTE\AI_Employee_Vault\Inbox
2026-03-02 02:05:38,543 - FilesystemWatcher - INFO - Starting FilesystemWatcher
2026-03-02 02:05:38,543 - FilesystemWatcher - INFO - Watching for changes every 30 seconds
2026-03-02 02:05:38,544 - FilesystemWatcher - DEBUG - No new items
2026-03-02 02:05:39,103 - LinkedInWatcher - INFO - LinkedInWatcher initialized
2026-03-02 02:05:39,104 - LinkedInWatcher - INFO - Vault path: C:\Users\hr773\Documents\GitHub\personal-AI-FTE\AI_Employee_Vault
2026-03-02 02:05:39,104 - LinkedInWatcher - INFO - Check interval: 60s
2026-03-02 02:05:39,105 - LinkedInWatcher - INFO - Session path: C:\Users\hr773\Documents\GitHub\personal-AI-FTE\AI_Employee_Vault\Scripts\linkedin_session
2026-03-02 02:05:39,106 - LinkedInWatcher - INFO - Watching: C:\Users\hr773\Documents\GitHub\personal-AI-FTE\AI_Employee_Vault\Approved
2026-03-02 02:05:39,106 - LinkedInWatcher - INFO - Check interval: 60s
2026-03-02 02:05:39,107 - LinkedInWatcher - INFO - LinkedIn Watcher ready - will auto-post approved content
2026-03-02 02:05:39,107 - LinkedInWatcher - INFO - Starting LinkedIn Watcher
2026-03-02 02:05:39,108 - LinkedInWatcher - INFO - Watching for approved posts every 60 seconds
2026-03-02 02:05:39,109 - LinkedInWatcher - DEBUG - No posts to process
2026-03-02 02:06:08,545 - FilesystemWatcher - DEBUG - No new items
2026-03-02 02:06:19,418 - GmailWatcher - DEBUG - No new items
2026-03-02 02:06:26,689 - GmailWatcher - INFO - GmailWatcher initialized
2026-03-02 02:06:26,690 - GmailWatcher - INFO - Vault path: C:\Users\hr773\Documents\GitHub\personal-AI-FTE\AI_Employee_Vault
2026-03-02 02:06:26,690 - GmailWatcher - INFO - Check interval: 60s
2026-03-02 02:06:26,716 - GmailWatcher - INFO - Connected to Gmail API
2026-03-02 02:06:26,717 - GmailWatcher - INFO - Gmail Watcher ready
2026-03-02 02:06:26,717 - GmailWatcher - INFO - Starting GmailWatcher
2026-03-02 02:06:26,717 - GmailWatcher - INFO - Watching for changes every 60 seconds
2026-03-02 02:06:27,841 - GmailWatcher - DEBUG - No new items
2026-03-02 02:07:28,171 - GmailWatcher - DEBUG - No new items
2026-03-02 02:08:19,749 - GmailWatcher - DEBUG - No new items
2026-03-02 02:08:28,519 - GmailWatcher - DEBUG - No new items
2026-03-02 02:09:09,925 - GmailWatcher - INFO - GmailWatcher stopped by user
2026-03-02 02:09:09,926 - GmailWatcher - INFO - GmailWatcher shutting down
2026-03-02 02:10:20,078 - GmailWatcher - DEBUG - No new items
2026-03-02 02:12:20,398 - GmailWatcher - DEBUG - No new items
2026-03-02 02:12:40,256 - GmailWatcher - INFO - GmailWatcher initialized
2026-03-02 02:12:40,257 - GmailWatcher - INFO - Vault path: C:\Users\hr773\Documents\GitHub\personal-AI-FTE\AI_Employee_Vault
2026-03-02 02:12:40,257 - GmailWatcher - INFO - Check interval: 120s
2026-03-02 02:12:40,285 - GmailWatcher - INFO - Connected to Gmail API
2026-03-02 02:12:40,285 - GmailWatcher - INFO - Gmail Watcher ready
2026-03-02 02:13:38,757 - GmailWatcher - INFO - GmailWatcher initialized
2026-03-02 02:13:38,758 - GmailWatcher - INFO - Vault path: C:\Users\hr773\Documents\GitHub\personal-AI-FTE\AI_Employee_Vault
2026-03-02 02:13:38,758 - GmailWatcher - INFO - Check interval: 120s
2026-03-02 02:13:38,788 - GmailWatcher - INFO - Connected to Gmail API
2026-03-02 02:13:38,788 - GmailWatcher - INFO - Gmail Watcher ready
2026-03-02 02:14:20,717 - GmailWatcher - DEBUG - No new items
2026-03-02 02:16:21,061 - GmailWatcher - DEBUG - No new items
2026-03-02 02:18:21,392 - GmailWatcher - DEBUG - No new items
2026-03-02 02:18:39,189 - GmailWatcher - INFO - GmailWatcher initialized
2026-03-02 02:18:39,189 - GmailWatcher - INFO - Vault path: C:\Users\hr773\Documents\GitHub\personal-AI-FTE\AI_Employee_Vault
2026-03-02 02:18:39,190 - GmailWatcher - INFO - Check interval: 120s
2026-03-02 02:18:39,217 - GmailWatcher - INFO - Connected to Gmail API
2026-03-02 02:18:39,217 - GmailWatcher - INFO - Gmail Watcher ready
2026-03-02 02:18:39,218 - GmailWatcher - INFO - Starting GmailWatcher
2026-03-02 02:18:39,218 - GmailWatcher - INFO - Watching for changes every 120 seconds
2026-03-02 02:18:40,449 - GmailWatcher - DEBUG - No new items
2026-03-02 02:20:21,728 - GmailWatcher - DEBUG - No new items
2026-03-02 02:20:40,772 - GmailWatcher - DEBUG - No new items
2026-03-02 02:22:22,052 - GmailWatcher - DEBUG - No new items
2026-03-02 02:22:41,097 - GmailWatcher - DEBUG - No new items
2026-03-02 02:23:30,067 - GmailWatcher - INFO - GmailWatcher initialized
2026-03-02 02:23:30,067 - GmailWatcher - INFO - Vault path: C:\Users\hr773\Documents\GitHub\personal-AI-FTE\AI_Employee_Vault
2026-03-02 02:23:30,067 - GmailWatcher - INFO - Check interval: 60s
2026-03-02 02:23:30,097 - GmailWatcher - INFO - Connected to Gmail API
2026-03-02 02:23:30,097 - GmailWatcher - INFO - Gmail Watcher ready
2026-03-02 02:23:30,097 - GmailWatcher - INFO - Starting GmailWatcher
2026-03-02 02:23:30,097 - GmailWatcher - INFO - Watching for changes every 60 seconds
2026-03-02 02:23:34,403 - GmailWatcher - INFO - Found 10 new item(s)
2026-03-02 02:23:34,406 - GmailWatcher - DEBUG - Marked item as processed: 19cab3c0bc50cffe
2026-03-02 02:23:34,407 - GmailWatcher - INFO - Created action file: EMAIL_Humema accepted your invitation, explore their net_19cab3c0.md
2026-03-02 02:23:34,411 - GmailWatcher - DEBUG - Marked item as processed: 19ca615ab992b16a
2026-03-02 02:23:34,411 - GmailWatcher - INFO - Created action file: EMAIL_Zakia accepted your invitation, explore their netw_19ca615a.md
2026-03-02 02:23:34,414 - GmailWatcher - DEBUG - Marked item as processed: 19ca314d1b442934
2026-03-02 02:23:34,415 - GmailWatcher - INFO - Created action file: EMAIL_Nisha accepted your invitation, explore their netw_19ca314d.md
2026-03-02 02:23:34,418 - GmailWatcher - DEBUG - Marked item as processed: 19c9f38156bb28d8
2026-03-02 02:23:34,418 - GmailWatcher - INFO - Created action file: EMAIL_Syeda accepted your invitation, explore their netw_19c9f381.md
2026-03-02 02:23:34,421 - GmailWatcher - DEBUG - Marked item as processed: 19c9d12d2ca4d0a1
2026-03-02 02:23:34,421 - GmailWatcher - INFO - Created action file: EMAIL_Misbah accepted your invitation, explore their net_19c9d12d.md
2026-03-02 02:23:34,424 - GmailWatcher - DEBUG - Marked item as processed: 19c9ca52fe6392b7
2026-03-02 02:23:34,424 - GmailWatcher - INFO - Created action file: EMAIL_Muhammad accepted your invitation, explore their n_19c9ca52.md
2026-03-02 02:23:34,429 - GmailWatcher - DEBUG - Marked item as processed: 19c9c3730f704128
2026-03-02 02:23:34,429 - GmailWatcher - INFO - Created action file: EMAIL_Hussain_ your job alert for Frontend Developer in_19c9c373.md
2026-03-02 02:23:34,432 - GmailWatcher - DEBUG - Marked item as processed: 19c9be801cd19e69
2026-03-02 02:23:34,433 - GmailWatcher - INFO - Created action file: EMAIL_Security alert_19c9be80.md
2026-03-02 02:23:34,436 - GmailWatcher - DEBUG - Marked item as processed: 19c9be7f0647b028
2026-03-02 02:23:34,436 - GmailWatcher - INFO - Created action file: EMAIL_Security alert_19c9be7f.md
2026-03-02 02:23:34,439 - GmailWatcher - DEBUG - Marked item as processed: 19c9bc923e6f640c
2026-03-02 02:23:34,440 - GmailWatcher - INFO - Created action file: EMAIL_Hussain_ your job alert for Software Engineer in K_19c9bc92.md
2026-03-02 02:24:34,759 - GmailWatcher - DEBUG - No new items
2026-03-02 02:25:35,069 - GmailWatcher - DEBUG - No new items
2026-03-02 02:26:35,390 - GmailWatcher - DEBUG - No new items
2026-03-02 02:27:35,796 - GmailWatcher - DEBUG - No new items
2026-03-02 02:28:00,972 - GmailWatcher - INFO - GmailWatcher initialized
2026-03-02 02:28:00,972 - GmailWatcher - INFO - Vault path: C:\Users\hr773\Documents\GitHub\personal-AI-FTE\AI_Employee_Vault
2026-03-02 02:28:00,973 - GmailWatcher - INFO - Check interval: 60s
2026-03-02 02:28:00,998 - GmailWatcher - INFO - Connected to Gmail API
2026-03-02 02:28:00,998 - GmailWatcher - INFO - Gmail Watcher ready
2026-03-02 02:28:00,999 - GmailWatcher - INFO - Starting GmailWatcher
2026-03-02 02:28:00,999 - GmailWatcher - INFO - Watching for changes every 60 seconds
2026-03-02 02:28:05,362 - GmailWatcher - INFO - Found 10 new item(s)
2026-03-02 02:28:05,366 - GmailWatcher - DEBUG - Marked item as processed: 19cab3c0bc50cffe
2026-03-02 02:28:05,366 - GmailWatcher - INFO - Created action file: EMAIL_Humema accepted your invitation, explore their net_19cab3c0.md
2026-03-02 02:28:05,369 - GmailWatcher - DEBUG - Marked item as processed: 19ca615ab992b16a
2026-03-02 02:28:05,370 - GmailWatcher - INFO - Created action file: EMAIL_Zakia accepted your invitation, explore their netw_19ca615a.md
2026-03-02 02:28:05,373 - GmailWatcher - DEBUG - Marked item as processed: 19ca314d1b442934
2026-03-02 02:28:05,373 - GmailWatcher - INFO - Created action file: EMAIL_Nisha accepted your invitation, explore their netw_19ca314d.md
2026-03-02 02:28:05,376 - GmailWatcher - DEBUG - Marked item as processed: 19c9f38156bb28d8
2026-03-02 02:28:05,376 - GmailWatcher - INFO - Created action file: EMAIL_Syeda accepted your invitation, explore their netw_19c9f381.md
2026-03-02 02:28:05,379 - GmailWatcher - DEBUG - Marked item as processed: 19c9d12d2ca4d0a1
2026-03-02 02:28:05,379 - GmailWatcher - INFO - Created action file: EMAIL_Misbah accepted your invitation, explore their net_19c9d12d.md
2026-03-02 02:28:05,382 - GmailWatcher - DEBUG - Marked item as processed: 19c9ca52fe6392b7
2026-03-02 02:28:05,383 - GmailWatcher - INFO - Created action file: EMAIL_Muhammad accepted your invitation, explore their n_19c9ca52.md
2026-03-02 02:28:05,387 - GmailWatcher - DEBUG - Marked item as processed: 19c9c3730f704128
2026-03-02 02:28:05,388 - GmailWatcher - INFO - Created action file: EMAIL_Hussain_ your job alert for Frontend Developer in_19c9c373.md
2026-03-02 02:28:05,391 - GmailWatcher - DEBUG - Marked item as processed: 19c9be801cd19e69
2026-03-02 02:28:05,392 - GmailWatcher - INFO - Created action file: EMAIL_Security alert_19c9be80.md
2026-03-02 02:28:05,394 - GmailWatcher - DEBUG - Marked item as processed: 19c9be7f0647b028
2026-03-02 02:28:05,395 - GmailWatcher - INFO - Created action file: EMAIL_Security alert_19c9be7f.md
2026-03-02 02:28:05,398 - GmailWatcher - DEBUG - Marked item as processed: 19c9bc923e6f640c
2026-03-02 02:28:05,398 - GmailWatcher - INFO - Created action file: EMAIL_Hussain_ your job alert for Software Engineer in K_19c9bc92.md
2026-03-02 02:28:36,128 - GmailWatcher - DEBUG - No new items
2026-03-02 02:29:05,716 - GmailWatcher - DEBUG - No new items
2026-03-02 02:29:36,453 - GmailWatcher - DEBUG - No new items
2026-03-02 02:30:06,035 - GmailWatcher - DEBUG - No new items
2026-03-02 02:30:36,774 - GmailWatcher - DEBUG - No new items
2026-03-02 02:31:06,355 - GmailWatcher - DEBUG - No new items
2026-03-02 02:31:37,109 - GmailWatcher - DEBUG - No new items
2026-03-02 02:32:06,670 - GmailWatcher - DEBUG - No new items
2026-03-02 02:32:37,474 - GmailWatcher - DEBUG - No new items
2026-03-02 02:33:06,991 - GmailWatcher - DEBUG - No new items
2026-03-02 02:33:37,834 - GmailWatcher - DEBUG - No new items
2026-03-02 02:34:07,306 - GmailWatcher - DEBUG - No new items
2026-03-02 02:34:38,148 - GmailWatcher - DEBUG - No new items
2026-03-02 02:35:07,627 - GmailWatcher - DEBUG - No new items
2026-03-02 02:35:38,472 - GmailWatcher - DEBUG - No new items
2026-03-02 02:36:07,952 - GmailWatcher - DEBUG - No new items
2026-03-02 02:36:39,065 - GmailWatcher - DEBUG - No new items
2026-03-02 02:37:08,278 - GmailWatcher - DEBUG - No new items
2026-03-02 02:37:39,386 - GmailWatcher - DEBUG - No new items
2026-03-02 02:38:08,589 - GmailWatcher - DEBUG - No new items
2026-03-02 02:38:39,704 - GmailWatcher - DEBUG - No new items
2026-03-02 02:39:08,905 - GmailWatcher - DEBUG - No new items
2026-03-02 02:39:40,025 - GmailWatcher - DEBUG - No new items
2026-03-02 02:40:09,217 - GmailWatcher - DEBUG - No new items
2026-03-02 02:40:40,436 - GmailWatcher - DEBUG - No new items
2026-03-02 02:41:09,537 - GmailWatcher - DEBUG - No new items
2026-03-02 02:41:41,128 - GmailWatcher - DEBUG - No new items
2026-03-02 02:42:09,859 - GmailWatcher - DEBUG - No new items
2026-03-02 02:42:41,446 - GmailWatcher - DEBUG - No new items
2026-03-02 02:43:10,178 - GmailWatcher - DEBUG - No new items
2026-03-02 02:43:41,942 - GmailWatcher - DEBUG - No new items
2026-03-02 02:44:10,905 - GmailWatcher - INFO - Found 1 new item(s)
2026-03-02 02:44:10,957 - GmailWatcher - DEBUG - Marked item as processed: 19c9ba1257636558
2026-03-02 02:44:10,959 - GmailWatcher - INFO - Created action file: EMAIL_You’re now open to work - we can help you get noti_19c9ba12.md
2026-03-02 02:44:42,922 - GmailWatcher - INFO - Found 2 new item(s)
2026-03-02 02:44:42,962 - GmailWatcher - DEBUG - Marked item as processed: 19c9ba1257636558
2026-03-02 02:44:42,964 - GmailWatcher - INFO - Created action file: EMAIL_You’re now open to work - we can help you get noti_19c9ba12.md
2026-03-02 02:44:42,971 - GmailWatcher - DEBUG - Marked item as processed: 19c4d3c20c030f74
2026-03-02 02:44:42,971 - GmailWatcher - INFO - Created action file: EMAIL_Security alert_19c4d3c2.md
2026-03-02 02:45:11,615 - GmailWatcher - INFO - Found 1 new item(s)
2026-03-02 02:45:11,621 - GmailWatcher - DEBUG - Marked item as processed: 19c4d3c20c030f74
2026-03-02 02:45:11,621 - GmailWatcher - INFO - Created action file: EMAIL_Security alert_19c4d3c2.md
2026-03-02 02:45:43,297 - GmailWatcher - DEBUG - No new items
2026-03-02 02:46:12,276 - GmailWatcher - INFO - Found 1 new item(s)
2026-03-02 02:46:12,279 - GmailWatcher - DEBUG - Marked item as processed: 19cab5d5a2c5447e
2026-03-02 02:46:12,279 - GmailWatcher - INFO - Created action file: EMAIL_Hello_19cab5d5.md
2026-03-02 02:46:43,936 - GmailWatcher - INFO - Found 1 new item(s)
2026-03-02 02:46:43,939 - GmailWatcher - DEBUG - Marked item as processed: 19cab5d5a2c5447e
2026-03-02 02:46:43,939 - GmailWatcher - INFO - Created action file: EMAIL_Hello_19cab5d5.md
2026-03-02 02:47:12,606 - GmailWatcher - DEBUG - No new items
2026-03-02 02:47:44,261 - GmailWatcher - DEBUG - No new items
2026-03-02 02:48:12,924 - GmailWatcher - DEBUG - No new items
2026-03-02 02:48:44,591 - GmailWatcher - DEBUG - No new items
2026-03-02 02:49:13,246 - GmailWatcher - DEBUG - No new items
2026-03-02 02:49:44,913 - GmailWatcher - DEBUG - No new items
2026-03-02 02:50:13,827 - GmailWatcher - DEBUG - No new items
2026-03-02 02:50:45,240 - GmailWatcher - DEBUG - No new items
2026-03-02 02:51:14,150 - GmailWatcher - DEBUG - No new items
2026-03-02 02:51:45,558 - GmailWatcher - DEBUG - No new items
2026-03-02 02:52:14,992 - GmailWatcher - DEBUG - No new items
2026-03-02 02:52:47,068 - GmailWatcher - DEBUG - No new items
2026-03-02 02:53:16,338 - GmailWatcher - DEBUG - No new items
2026-03-02 02:53:47,411 - GmailWatcher - DEBUG - No new items
2026-03-02 02:54:16,661 - GmailWatcher - DEBUG - No new items
2026-03-02 02:54:47,717 - GmailWatcher - DEBUG - No new items
2026-03-02 02:55:16,974 - GmailWatcher - DEBUG - No new items
2026-03-02 02:55:48,032 - GmailWatcher - DEBUG - No new items
2026-03-02 02:56:17,306 - GmailWatcher - DEBUG - No new items
2026-03-02 02:56:48,359 - GmailWatcher - DEBUG - No new items
2026-03-02 02:57:17,621 - GmailWatcher - DEBUG - No new items
2026-03-02 02:57:48,695 - GmailWatcher - DEBUG - No new items
2026-03-02 02:58:17,959 - GmailWatcher - DEBUG - No new items
2026-03-02 02:58:49,020 - GmailWatcher - DEBUG - No new items
2026-03-02 02:59:18,293 - GmailWatcher - DEBUG - No new items
2026-03-02 02:59:49,351 - GmailWatcher - DEBUG - No new items
2026-03-02 03:00:18,615 - GmailWatcher - DEBUG - No new items
2026-03-02 03:00:49,685 - GmailWatcher - DEBUG - No new items
2026-03-02 03:01:18,940 - GmailWatcher - DEBUG - No new items
2026-03-02 03:01:50,017 - GmailWatcher - DEBUG - No new items
2026-03-02 03:02:19,261 - GmailWatcher - DEBUG - No new items
2026-03-02 03:02:50,338 - GmailWatcher - DEBUG - No new items
2026-03-02 03:03:19,580 - GmailWatcher - DEBUG - No new items
2026-03-02 03:03:50,654 - GmailWatcher - DEBUG - No new items
2026-03-03 00:03:18,531 - GmailWatcher - ERROR - Error checking Gmail: [Errno 11001] getaddrinfo failed
2026-03-03 00:03:18,562 - GmailWatcher - DEBUG - No new items
2026-03-03 00:03:49,133 - GmailWatcher - ERROR - Error checking Gmail: [WinError 10053] An established connection was aborted by the software in your host machine
2026-03-03 00:03:49,134 - GmailWatcher - DEBUG - No new items
2026-03-03 00:04:19,164 - GmailWatcher - ERROR - Error checking Gmail: [WinError 10054] An existing connection was forcibly closed by the remote host
2026-03-03 00:04:19,165 - GmailWatcher - DEBUG - No new items
2026-03-03 00:04:49,157 - GmailWatcher - ERROR - Error checking Gmail: [WinError 10053] An established connection was aborted by the software in your host machine
2026-03-03 00:04:49,158 - GmailWatcher - DEBUG - No new items
2026-03-03 00:05:19,187 - GmailWatcher - ERROR - Error checking Gmail: [WinError 10054] An existing connection was forcibly closed by the remote host
2026-03-03 00:05:19,187 - GmailWatcher - DEBUG - No new items
2026-03-03 00:05:49,765 - GmailWatcher - ERROR - Error checking Gmail: [WinError 10054] An existing connection was forcibly closed by the remote host
2026-03-03 00:05:49,766 - GmailWatcher - DEBUG - No new items
2026-03-03 00:06:19,260 - GmailWatcher - ERROR - Error checking Gmail: Unable to find the server at gmail.googleapis.com
2026-03-03 00:06:19,266 - GmailWatcher - DEBUG - No new items
2026-03-03 00:06:49,780 - GmailWatcher - ERROR - Error checking Gmail: [WinError 10054] An existing connection was forcibly closed by the remote host
2026-03-03 00:06:49,780 - GmailWatcher - DEBUG - No new items
2026-03-03 00:07:21,130 - GmailWatcher - INFO - Found 3 new item(s)
2026-03-03 00:07:21,149 - GmailWatcher - DEBUG - Marked item as processed: 19caeecec68b2737
2026-03-03 00:07:21,151 - GmailWatcher - INFO - Created action file: EMAIL_You have 1 new invitation_19caeece.md
2026-03-03 00:07:21,163 - GmailWatcher - DEBUG - Marked item as processed: 19cad618e645efde
2026-03-03 00:07:21,164 - GmailWatcher - INFO - Created action file: EMAIL_“Frontend Developer”_ The Tech Resources - Senior_19cad618.md
2026-03-03 00:07:21,174 - GmailWatcher - DEBUG - Marked item as processed: 19cacf388efcaf12
2026-03-03 00:07:21,174 - GmailWatcher - INFO - Created action file: EMAIL_“Software Engineer”_ Conure Technology Services LL_19cacf38.md
2026-03-03 00:07:51,368 - GmailWatcher - INFO - Found 3 new item(s)
2026-03-03 00:07:51,380 - GmailWatcher - DEBUG - Marked item as processed: 19caeecec68b2737
2026-03-03 00:07:51,380 - GmailWatcher - INFO - Created action file: EMAIL_You have 1 new invitation_19caeece.md
2026-03-03 00:07:51,400 - GmailWatcher - DEBUG - Marked item as processed: 19cad618e645efde
2026-03-03 00:07:51,401 - GmailWatcher - INFO - Created action file: EMAIL_“Frontend Developer”_ The Tech Resources - Senior_19cad618.md
2026-03-03 00:07:51,404 - GmailWatcher - DEBUG - Marked item as processed: 19cacf388efcaf12
2026-03-03 00:07:51,404 - GmailWatcher - INFO - Created action file: EMAIL_“Software Engineer”_ Conure Technology Services LL_19cacf38.md
2026-03-03 00:08:21,981 - GmailWatcher - DEBUG - No new items
2026-03-03 00:08:51,742 - GmailWatcher - DEBUG - No new items
2026-03-03 00:09:22,323 - GmailWatcher - DEBUG - No new items
2026-03-03 00:09:52,420 - GmailWatcher - INFO - Found 1 new item(s)
2026-03-03 00:09:52,425 - GmailWatcher - DEBUG - Marked item as processed: 19caff493e59def6
2026-03-03 00:09:52,425 - GmailWatcher - INFO - Created action file: EMAIL_Huzaifa accepted your invitation, explore their ne_19caff49.md
2026-03-03 00:10:24,128 - GmailWatcher - INFO - Found 1 new item(s)
2026-03-03 00:10:24,133 - GmailWatcher - DEBUG - Marked item as processed: 19caff493e59def6
2026-03-03 00:10:24,133 - GmailWatcher - INFO - Created action file: EMAIL_Huzaifa accepted your invitation, explore their ne_19caff49.md
2026-03-03 00:10:52,765 - GmailWatcher - DEBUG - No new items
2026-03-03 00:11:24,833 - GmailWatcher - DEBUG - No new items
2026-03-03 00:11:53,099 - GmailWatcher - DEBUG - No new items
2026-03-03 00:12:25,178 - GmailWatcher - DEBUG - No new items
2026-03-03 00:12:53,436 - GmailWatcher - DEBUG - No new items
2026-03-03 00:13:25,510 - GmailWatcher - DEBUG - No new items
2026-03-03 00:13:53,761 - GmailWatcher - DEBUG - No new items
2026-03-03 00:14:25,935 - GmailWatcher - DEBUG - No new items
2026-03-03 00:14:54,269 - GmailWatcher - DEBUG - No new items
2026-03-03 00:15:26,720 - GmailWatcher - DEBUG - No new items
2026-03-03 00:15:54,609 - GmailWatcher - DEBUG - No new items
2026-03-03 00:16:27,048 - GmailWatcher - DEBUG - No new items
2026-03-03 00:16:54,955 - GmailWatcher - DEBUG - No new items
2026-03-03 00:17:27,378 - GmailWatcher - DEBUG - No new items
2026-03-03 00:17:55,280 - GmailWatcher - DEBUG - No new items
2026-03-03 00:18:27,913 - GmailWatcher - DEBUG - No new items
2026-03-03 00:18:55,933 - GmailWatcher - DEBUG - No new items
2026-03-03 00:19:28,255 - GmailWatcher - DEBUG - No new items
2026-03-03 00:19:56,260 - GmailWatcher - DEBUG - No new items
2026-03-03 00:20:28,589 - GmailWatcher - DEBUG - No new items
2026-03-03 00:20:56,585 - GmailWatcher - DEBUG - No new items
2026-03-03 00:21:29,046 - GmailWatcher - DEBUG - No new items
2026-03-03 00:21:56,953 - GmailWatcher - DEBUG - No new items
2026-03-03 00:22:29,382 - GmailWatcher - DEBUG - No new items
2026-03-03 00:22:57,275 - GmailWatcher - DEBUG - No new items
2026-03-03 00:23:29,712 - GmailWatcher - DEBUG - No new items
2026-03-03 00:23:57,620 - GmailWatcher - DEBUG - No new items
2026-03-03 00:24:30,049 - GmailWatcher - DEBUG - No new items
2026-03-03 00:24:57,967 - GmailWatcher - DEBUG - No new items
2026-03-03 00:25:30,391 - GmailWatcher - DEBUG - No new items
2026-03-03 00:25:58,297 - GmailWatcher - DEBUG - No new items
2026-03-03 00:26:30,716 - GmailWatcher - DEBUG - No new items
2026-03-03 00:26:58,628 - GmailWatcher - DEBUG - No new items
2026-03-03 00:27:31,035 - GmailWatcher - DEBUG - No new items
2026-03-03 00:27:59,028 - GmailWatcher - DEBUG - No new items
2026-03-03 00:28:31,367 - GmailWatcher - DEBUG - No new items
2026-03-03 00:28:59,385 - GmailWatcher - DEBUG - No new items
2026-03-03 00:29:31,760 - GmailWatcher - DEBUG - No new items
2026-03-03 00:29:59,945 - GmailWatcher - DEBUG - No new items
2026-03-03 00:30:32,090 - GmailWatcher - DEBUG - No new items
2026-03-03 00:31:00,369 - GmailWatcher - DEBUG - No new items
2026-03-03 00:31:32,691 - GmailWatcher - DEBUG - No new items
2026-03-03 00:32:01,333 - GmailWatcher - DEBUG - No new items
2026-03-03 00:32:33,399 - GmailWatcher - DEBUG - No new items
2026-03-03 00:33:01,944 - GmailWatcher - DEBUG - No new items
2026-03-03 00:33:33,992 - GmailWatcher - DEBUG - No new items
2026-03-03 00:34:03,010 - GmailWatcher - DEBUG - No new items
2026-03-03 00:34:35,120 - GmailWatcher - INFO - Found 1 new item(s)
2026-03-03 00:34:35,148 - GmailWatcher - DEBUG - Marked item as processed: 19cb00b86233e478
2026-03-03 00:34:35,149 - GmailWatcher - INFO - Created action file: EMAIL_Security alert_19cb00b8.md
2026-03-03 00:35:03,834 - GmailWatcher - INFO - Found 1 new item(s)
2026-03-03 00:35:03,845 - GmailWatcher - DEBUG - Marked item as processed: 19cb00b86233e478
2026-03-03 00:35:03,845 - GmailWatcher - INFO - Created action file: EMAIL_Security alert_19cb00b8.md
2026-03-03 00:35:35,534 - GmailWatcher - DEBUG - No new items
2026-03-03 00:36:04,910 - GmailWatcher - DEBUG - No new items
2026-03-03 00:36:35,965 - GmailWatcher - DEBUG - No new items
2026-03-03 00:37:05,263 - GmailWatcher - DEBUG - No new items
