2026-03-26 08:17:17,669 - LinkedInWatcher - INFO - LinkedInWatcher initialized
2026-03-26 08:17:17,670 - LinkedInWatcher - INFO - Vault path: C:\Users\hr773\Documents\GitHub\personal-AI-FTE\AI_Employee_Vault
2026-03-26 08:17:17,671 - LinkedInWatcher - INFO - Check interval: 30s
2026-03-26 08:17:17,674 - LinkedInWatcher - INFO - Session path: C:\Users\hr773\Documents\GitHub\personal-AI-FTE\AI_Employee_Vault\Scripts\linkedin_session
2026-03-26 08:17:17,674 - LinkedInWatcher - INFO - Watching: C:\Users\hr773\Documents\GitHub\personal-AI-FTE\AI_Employee_Vault\Approved
2026-03-26 08:17:17,674 - LinkedInWatcher - INFO - Check interval: 30s
2026-03-26 08:17:17,675 - LinkedInWatcher - INFO - LinkedIn Watcher ready - will auto-post approved content
2026-03-26 08:17:17,675 - LinkedInWatcher - INFO - Starting LinkedIn Watcher
2026-03-26 08:17:17,675 - LinkedInWatcher - INFO - Watching for approved posts every 30 seconds
2026-03-26 08:17:17,702 - LinkedInWatcher - INFO - Found approved post: LINKEDIN_PROMPT_ENG_DAY4_20260307.md
2026-03-26 08:17:17,726 - LinkedInWatcher - INFO - Found 1 post(s) to process
2026-03-26 08:17:17,728 - LinkedInWatcher - INFO - Posting content from: LINKEDIN_PROMPT_ENG_DAY4_20260307.md
2026-03-26 08:17:17,728 - LinkedInWatcher - INFO - Content length: 4879 characters
2026-03-26 08:17:17,729 - LinkedInWatcher - INFO - Launching browser...
2026-03-26 08:17:39,460 - LinkedInWatcher - INFO - Browser launched
2026-03-26 08:17:39,471 - LinkedInWatcher - INFO - Navigating to LinkedIn...
2026-03-26 08:17:47,505 - LinkedInWatcher - INFO - Current URL: https://www.linkedin.com/feed
2026-03-26 08:17:47,506 - LinkedInWatcher - INFO - Waiting for LinkedIn feed to load (up to 60 seconds)...
2026-03-26 08:17:48,528 - LinkedInWatcher - INFO - Page loaded, waiting for feed element...
2026-03-26 08:18:18,631 - LinkedInWatcher - ERROR - LinkedIn feed not loaded - login may be required
2026-03-26 08:18:18,632 - LinkedInWatcher - ERROR - Current URL: https://www.linkedin.com/feed/
2026-03-26 08:18:18,634 - LinkedInWatcher - INFO - Feed not found yet, waiting additional 30 seconds...
2026-03-26 08:18:48,702 - LinkedInWatcher - INFO - LinkedIn feed loaded!
2026-03-26 08:18:51,711 - LinkedInWatcher - INFO - Checking for popups/carousels...
2026-03-26 08:19:03,767 - LinkedInWatcher - INFO - Looking for "Start a post" button...
2026-03-26 08:19:03,906 - LinkedInWatcher - INFO - Found "Start a post" via locator
2026-03-26 08:19:03,907 - LinkedInWatcher - INFO - Clicking "Start a post" button...
2026-03-26 08:19:05,107 - LinkedInWatcher - INFO - Click sent, waiting for dialog...
2026-03-26 08:19:10,193 - LinkedInWatcher - INFO - Dialog not detected, trying alternative click...
2026-03-26 08:19:15,223 - LinkedInWatcher - INFO - Looking for text area in dialog...
2026-03-26 08:19:15,247 - LinkedInWatcher - INFO - Found text area with: div[contenteditable="true"]
2026-03-26 08:19:15,247 - LinkedInWatcher - INFO - Focusing post text area...
2026-03-26 08:19:17,379 - LinkedInWatcher - WARNING - Content truncated to 3000 characters
2026-03-26 08:19:17,380 - LinkedInWatcher - INFO - Typing post content...
2026-03-26 08:19:18,967 - LinkedInWatcher - INFO - Content entered via fill
2026-03-26 08:19:21,977 - LinkedInWatcher - INFO - Looking for Post button...
2026-03-26 08:19:22,001 - LinkedInWatcher - INFO - Found Post button with: button:has-text("Post")
2026-03-26 08:19:22,002 - LinkedInWatcher - INFO - Clicking Post button...
2026-03-26 08:19:32,028 - LinkedInWatcher - INFO - Normal click failed: ElementHandle.click: Timeout 10000ms exceeded.
Call log:
  - attempting click action
    2 × waiting for element to be visible, enabled and stable
      - element is not visible
    - retrying click action
    - waiting 20ms
    2 × waiting for element to be visible, enabled and stable
      - element is not visible
    - retrying click action
      - waiting 100ms
    17 × waiting for element to be visible, enabled and stable
       - element is not visible
     - retrying click action
       - waiting 500ms
    - waiting for element to be visible, enabled and stable

2026-03-26 08:19:32,043 - LinkedInWatcher - INFO - Trying force click...
2026-03-26 08:19:32,062 - LinkedInWatcher - INFO - Force click failed: ElementHandle.click: Element is not visible
Call log:
  - attempting click action
    - scrolling into view if needed

2026-03-26 08:19:32,063 - LinkedInWatcher - INFO - Using JavaScript click...
2026-03-26 08:19:32,071 - LinkedInWatcher - INFO - Post button clicked, waiting for confirmation...
2026-03-26 08:19:41,713 - LinkedInWatcher - INFO - Screenshot saved: C:\Users\hr773\Documents\GitHub\personal-AI-FTE\AI_Employee_Vault\Logs\linkedin_20260326_081940.png
2026-03-26 08:19:41,726 - LinkedInWatcher - WARNING - Dialog still open - post may not have been submitted!
2026-03-26 08:19:41,726 - LinkedInWatcher - WARNING - LinkedIn may require manual confirmation for the final post.
2026-03-26 08:19:43,091 - LinkedInWatcher - ERROR - Failed to post: LINKEDIN_PROMPT_ENG_DAY4_20260307.md
2026-03-26 08:19:43,091 - LinkedInWatcher - ERROR - [FAIL] Failed: LINKEDIN_PROMPT_ENG_DAY4_20260307.md
2026-03-26 08:20:13,116 - LinkedInWatcher - INFO - Found approved post: LINKEDIN_PROMPT_ENG_DAY4_20260307.md
2026-03-26 08:20:13,135 - LinkedInWatcher - INFO - Found 1 post(s) to process
2026-03-26 08:20:13,136 - LinkedInWatcher - INFO - Posting content from: LINKEDIN_PROMPT_ENG_DAY4_20260307.md
2026-03-26 08:20:13,136 - LinkedInWatcher - INFO - Content length: 4879 characters
2026-03-26 08:20:13,137 - LinkedInWatcher - INFO - Launching browser...
2026-03-26 08:20:26,040 - LinkedInWatcher - INFO - Browser launched
2026-03-26 08:20:26,069 - LinkedInWatcher - INFO - Navigating to LinkedIn...
2026-03-26 08:20:30,043 - LinkedInWatcher - INFO - Current URL: https://www.linkedin.com/feed
2026-03-26 08:20:30,082 - LinkedInWatcher - INFO - Waiting for LinkedIn feed to load (up to 60 seconds)...
2026-03-26 08:20:42,779 - LinkedInWatcher - INFO - LinkedIn Watcher stopped by user
2026-03-26 08:20:42,780 - LinkedInWatcher - INFO - LinkedIn Watcher shutting down
